{"E:\\demo-taocang-helper\\src\\App.tsx": {"path":"E:\\demo-taocang-helper\\src\\App.tsx","statementMap":{"0":{"start":{"line":1,"column":0},"end":{"line":1,"column":46}},"1":{"start":{"line":2,"column":0},"end":{"line":2,"column":49}},"2":{"start":{"line":3,"column":0},"end":{"line":3,"column":76}},"3":{"start":{"line":6,"column":17},"end":{"line":6,"column":63}},"4":{"start":{"line":6,"column":27},"end":{"line":6,"column":62}},"5":{"start":{"line":8,"column":26},"end":{"line":8,"column":81}},"6":{"start":{"line":8,"column":36},"end":{"line":8,"column":80}},"7":{"start":{"line":9,"column":27},"end":{"line":9,"column":83}},"8":{"start":{"line":9,"column":37},"end":{"line":9,"column":82}},"9":{"start":{"line":10,"column":23},"end":{"line":10,"column":75}},"10":{"start":{"line":10,"column":33},"end":{"line":10,"column":74}},"11":{"start":{"line":11,"column":25},"end":{"line":11,"column":80}},"12":{"start":{"line":11,"column":35},"end":{"line":11,"column":79}},"13":{"start":{"line":12,"column":27},"end":{"line":12,"column":84}},"14":{"start":{"line":12,"column":37},"end":{"line":12,"column":83}},"15":{"start":{"line":13,"column":23},"end":{"line":13,"column":74}},"16":{"start":{"line":13,"column":33},"end":{"line":13,"column":73}},"17":{"start":{"line":14,"column":25},"end":{"line":14,"column":78}},"18":{"start":{"line":14,"column":35},"end":{"line":14,"column":77}},"19":{"start":{"line":15,"column":22},"end":{"line":15,"column":75}},"20":{"start":{"line":15,"column":32},"end":{"line":15,"column":74}},"21":{"start":{"line":18,"column":31},"end":{"line":25,"column":null}},"22":{"start":{"line":19,"column":2},"end":{"line":24,"column":null}},"23":{"start":{"line":29,"column":2},"end":{"line":46,"column":4}},"24":{"start":{"line":50,"column":31},"end":{"line":62,"column":null}},"25":{"start":{"line":51,"column":2},"end":{"line":61,"column":null}},"26":{"start":{"line":65,"column":0},"end":{"line":65,"column":19}}},"fnMap":{"0":{"name":"(anonymous_10)","decl":{"start":{"line":6,"column":22},"end":{"line":6,"column":25}},"loc":{"start":{"line":6,"column":27},"end":{"line":6,"column":62}}},"1":{"name":"(anonymous_11)","decl":{"start":{"line":6,"column":27},"end":{"line":6,"column":35}},"loc":{"start":{"line":6,"column":27},"end":{"line":6,"column":62}}},"2":{"name":"(anonymous_12)","decl":{"start":{"line":8,"column":31},"end":{"line":8,"column":34}},"loc":{"start":{"line":8,"column":36},"end":{"line":8,"column":80}}},"3":{"name":"(anonymous_13)","decl":{"start":{"line":8,"column":36},"end":{"line":8,"column":44}},"loc":{"start":{"line":8,"column":36},"end":{"line":8,"column":80}}},"4":{"name":"(anonymous_14)","decl":{"start":{"line":9,"column":32},"end":{"line":9,"column":35}},"loc":{"start":{"line":9,"column":37},"end":{"line":9,"column":82}}},"5":{"name":"(anonymous_15)","decl":{"start":{"line":9,"column":37},"end":{"line":9,"column":45}},"loc":{"start":{"line":9,"column":37},"end":{"line":9,"column":82}}},"6":{"name":"(anonymous_16)","decl":{"start":{"line":10,"column":28},"end":{"line":10,"column":31}},"loc":{"start":{"line":10,"column":33},"end":{"line":10,"column":74}}},"7":{"name":"(anonymous_17)","decl":{"start":{"line":10,"column":33},"end":{"line":10,"column":41}},"loc":{"start":{"line":10,"column":33},"end":{"line":10,"column":74}}},"8":{"name":"(anonymous_18)","decl":{"start":{"line":11,"column":30},"end":{"line":11,"column":33}},"loc":{"start":{"line":11,"column":35},"end":{"line":11,"column":79}}},"9":{"name":"(anonymous_19)","decl":{"start":{"line":11,"column":35},"end":{"line":11,"column":43}},"loc":{"start":{"line":11,"column":35},"end":{"line":11,"column":79}}},"10":{"name":"(anonymous_20)","decl":{"start":{"line":12,"column":32},"end":{"line":12,"column":35}},"loc":{"start":{"line":12,"column":37},"end":{"line":12,"column":83}}},"11":{"name":"(anonymous_21)","decl":{"start":{"line":12,"column":37},"end":{"line":12,"column":45}},"loc":{"start":{"line":12,"column":37},"end":{"line":12,"column":83}}},"12":{"name":"(anonymous_22)","decl":{"start":{"line":13,"column":28},"end":{"line":13,"column":31}},"loc":{"start":{"line":13,"column":33},"end":{"line":13,"column":73}}},"13":{"name":"(anonymous_23)","decl":{"start":{"line":13,"column":33},"end":{"line":13,"column":41}},"loc":{"start":{"line":13,"column":33},"end":{"line":13,"column":73}}},"14":{"name":"(anonymous_24)","decl":{"start":{"line":14,"column":30},"end":{"line":14,"column":33}},"loc":{"start":{"line":14,"column":35},"end":{"line":14,"column":77}}},"15":{"name":"(anonymous_25)","decl":{"start":{"line":14,"column":35},"end":{"line":14,"column":43}},"loc":{"start":{"line":14,"column":35},"end":{"line":14,"column":77}}},"16":{"name":"(anonymous_26)","decl":{"start":{"line":15,"column":27},"end":{"line":15,"column":30}},"loc":{"start":{"line":15,"column":32},"end":{"line":15,"column":74}}},"17":{"name":"(anonymous_27)","decl":{"start":{"line":15,"column":32},"end":{"line":15,"column":40}},"loc":{"start":{"line":15,"column":32},"end":{"line":15,"column":74}}},"18":{"name":"(anonymous_28)","decl":{"start":{"line":18,"column":31},"end":{"line":18,"column":34}},"loc":{"start":{"line":19,"column":2},"end":{"line":24,"column":null}}},"19":{"name":"App","decl":{"start":{"line":28,"column":9},"end":{"line":28,"column":12}},"loc":{"start":{"line":28,"column":12},"end":{"line":47,"column":1}}},"20":{"name":"(anonymous_30)","decl":{"start":{"line":50,"column":31},"end":{"line":50,"column":34}},"loc":{"start":{"line":51,"column":2},"end":{"line":61,"column":null}}}},"branchMap":{},"s":{"0":0,"1":0,"2":0,"3":0,"4":0,"5":0,"6":0,"7":0,"8":0,"9":0,"10":0,"11":0,"12":0,"13":0,"14":0,"15":0,"16":0,"17":0,"18":0,"19":0,"20":0,"21":0,"22":0,"23":0,"24":0,"25":0,"26":0},"f":{"0":0,"1":0,"2":0,"3":0,"4":0,"5":0,"6":0,"7":0,"8":0,"9":0,"10":0,"11":0,"12":0,"13":0,"14":0,"15":0,"16":0,"17":0,"18":0,"19":0,"20":0},"b":{}}
,"E:\\demo-taocang-helper\\src\\main.tsx": {"path":"E:\\demo-taocang-helper\\src\\main.tsx","statementMap":{"0":{"start":{"line":1,"column":0},"end":{"line":1,"column":26}},"1":{"start":{"line":2,"column":0},"end":{"line":2,"column":40}},"2":{"start":{"line":3,"column":0},"end":{"line":3,"column":46}},"3":{"start":{"line":4,"column":0},"end":{"line":4,"column":24}},"4":{"start":{"line":5,"column":0},"end":{"line":5,"column":67}},"5":{"start":{"line":6,"column":0},"end":{"line":6,"column":68}},"6":{"start":{"line":7,"column":0},"end":{"line":7,"column":21}},"7":{"start":{"line":10,"column":0},"end":{"line":10,"column":28}},"8":{"start":{"line":12,"column":20},"end":{"line":12,"column":51}},"9":{"start":{"line":13,"column":0},"end":{"line":15,"column":1}},"10":{"start":{"line":14,"column":2},"end":{"line":14,"column":49}},"11":{"start":{"line":17,"column":0},"end":{"line":25,"column":2}}},"fnMap":{},"branchMap":{"0":{"loc":{"start":{"line":13,"column":0},"end":{"line":15,"column":1}},"type":"if","locations":[{"start":{"line":13,"column":0},"end":{"line":15,"column":1}},{"start":{},"end":{}}]}},"s":{"0":0,"1":0,"2":0,"3":0,"4":0,"5":0,"6":0,"7":0,"8":0,"9":0,"10":0,"11":0},"f":{},"b":{"0":[0,0]}}
,"E:\\demo-taocang-helper\\src\\components\\common\\Button\\Button.tsx": {"path":"E:\\demo-taocang-helper\\src\\components\\common\\Button\\Button.tsx","statementMap":{"0":{"start":{"line":1,"column":0},"end":{"line":1,"column":42}},"1":{"start":{"line":2,"column":0},"end":{"line":2,"column":39}},"2":{"start":{"line":5,"column":75},"end":{"line":14,"column":2}},"3":{"start":{"line":16,"column":69},"end":{"line":20,"column":2}},"4":{"start":{"line":22,"column":15},"end":{"line":68,"column":null}},"5":{"start":{"line":36,"column":23},"end":{"line":36,"column":42}},"6":{"start":{"line":39,"column":6},"end":{"line":39,"column":215}},"7":{"start":{"line":41,"column":24},"end":{"line":43,"column":24}},"8":{"start":{"line":45,"column":20},"end":{"line":51,"column":15}},"9":{"start":{"line":53,"column":4},"end":{"line":67,"column":6}},"10":{"start":{"line":71,"column":0},"end":{"line":71,"column":30}},"11":{"start":{"line":73,"column":0},"end":{"line":73,"column":22}}},"fnMap":{"0":{"name":"(anonymous_9)","decl":{"start":{"line":23,"column":2},"end":{"line":23,"column":null}},"loc":{"start":{"line":35,"column":6},"end":{"line":68,"column":3}}}},"branchMap":{"0":{"loc":{"start":{"line":25,"column":6},"end":{"line":25,"column":25}},"type":"default-arg","locations":[{"start":{"line":25,"column":16},"end":{"line":25,"column":25}}]},"1":{"loc":{"start":{"line":26,"column":6},"end":{"line":26,"column":21}},"type":"default-arg","locations":[{"start":{"line":26,"column":13},"end":{"line":26,"column":21}}]},"2":{"loc":{"start":{"line":27,"column":6},"end":{"line":27,"column":21}},"type":"default-arg","locations":[{"start":{"line":27,"column":16},"end":{"line":27,"column":21}}]},"3":{"loc":{"start":{"line":28,"column":6},"end":{"line":28,"column":22}},"type":"default-arg","locations":[{"start":{"line":28,"column":17},"end":{"line":28,"column":22}}]},"4":{"loc":{"start":{"line":30,"column":6},"end":{"line":30,"column":20}},"type":"default-arg","locations":[{"start":{"line":30,"column":18},"end":{"line":30,"column":20}}]},"5":{"loc":{"start":{"line":36,"column":23},"end":{"line":36,"column":42}},"type":"binary-expr","locations":[{"start":{"line":36,"column":23},"end":{"line":36,"column":31}},{"start":{"line":36,"column":35},"end":{"line":36,"column":42}}]},"6":{"loc":{"start":{"line":41,"column":24},"end":{"line":43,"column":24}},"type":"cond-expr","locations":[{"start":{"line":42,"column":8},"end":{"line":42,"column":39}},{"start":{"line":43,"column":8},"end":{"line":43,"column":24}}]},"7":{"loc":{"start":{"line":62,"column":9},"end":{"line":63,"column":null}},"type":"binary-expr","locations":[{"start":{"line":62,"column":9},"end":{"line":62,"column":16}},{"start":{"line":63,"column":10},"end":{"line":63,"column":78}}]}},"s":{"0":9,"1":9,"2":9,"3":9,"4":9,"5":98,"6":98,"7":98,"8":98,"9":98,"10":9,"11":9},"f":{"0":98},"b":{"0":[9],"1":[10],"2":[96],"3":[96],"4":[98],"5":[98,96],"6":[4,94],"7":[98,2]}}
,"E:\\demo-taocang-helper\\src\\components\\common\\Card\\Card.tsx": {"path":"E:\\demo-taocang-helper\\src\\components\\common\\Card\\Card.tsx","statementMap":{"0":{"start":{"line":1,"column":0},"end":{"line":1,"column":26}},"1":{"start":{"line":4,"column":34},"end":{"line":68,"column":1}},"2":{"start":{"line":15,"column":4},"end":{"line":15,"column":104}},"3":{"start":{"line":17,"column":56},"end":{"line":21,"column":4}},"4":{"start":{"line":23,"column":22},"end":{"line":23,"column":56}},"5":{"start":{"line":25,"column":18},"end":{"line":30,"column":13}},"6":{"start":{"line":32,"column":22},"end":{"line":36,"column":3}},"7":{"start":{"line":33,"column":4},"end":{"line":35,"column":5}},"8":{"start":{"line":34,"column":6},"end":{"line":34,"column":17}},"9":{"start":{"line":38,"column":24},"end":{"line":43,"column":3}},"10":{"start":{"line":39,"column":4},"end":{"line":42,"column":5}},"11":{"start":{"line":40,"column":6},"end":{"line":40,"column":25}},"12":{"start":{"line":41,"column":6},"end":{"line":41,"column":66}},"13":{"start":{"line":45,"column":2},"end":{"line":67,"column":4}},"14":{"start":{"line":70,"column":0},"end":{"line":70,"column":20}}},"fnMap":{"0":{"name":"(anonymous_1)","decl":{"start":{"line":4,"column":34},"end":{"line":4,"column":35}},"loc":{"start":{"line":13,"column":5},"end":{"line":68,"column":1}}},"1":{"name":"(anonymous_2)","decl":{"start":{"line":32,"column":22},"end":{"line":32,"column":23}},"loc":{"start":{"line":32,"column":62},"end":{"line":36,"column":3}}},"2":{"name":"(anonymous_3)","decl":{"start":{"line":38,"column":24},"end":{"line":38,"column":25}},"loc":{"start":{"line":38,"column":67},"end":{"line":43,"column":3}}}},"branchMap":{"0":{"loc":{"start":{"line":5,"column":2},"end":{"line":5,"column":21}},"type":"default-arg","locations":[{"start":{"line":5,"column":12},"end":{"line":5,"column":21}}]},"1":{"loc":{"start":{"line":10,"column":2},"end":{"line":10,"column":16}},"type":"default-arg","locations":[{"start":{"line":10,"column":14},"end":{"line":10,"column":16}}]},"2":{"loc":{"start":{"line":11,"column":2},"end":{"line":11,"column":19}},"type":"default-arg","locations":[{"start":{"line":11,"column":14},"end":{"line":11,"column":19}}]},"3":{"loc":{"start":{"line":23,"column":22},"end":{"line":23,"column":56}},"type":"binary-expr","locations":[{"start":{"line":23,"column":22},"end":{"line":23,"column":31}},{"start":{"line":23,"column":35},"end":{"line":23,"column":56}}]},"4":{"loc":{"start":{"line":28,"column":4},"end":{"line":28,"column":39}},"type":"cond-expr","locations":[{"start":{"line":28,"column":18},"end":{"line":28,"column":34}},{"start":{"line":28,"column":37},"end":{"line":28,"column":39}}]},"5":{"loc":{"start":{"line":33,"column":4},"end":{"line":35,"column":5}},"type":"if","locations":[{"start":{"line":33,"column":4},"end":{"line":35,"column":5}},{"start":{},"end":{}}]},"6":{"loc":{"start":{"line":33,"column":8},"end":{"line":33,"column":30}},"type":"binary-expr","locations":[{"start":{"line":33,"column":8},"end":{"line":33,"column":19}},{"start":{"line":33,"column":23},"end":{"line":33,"column":30}}]},"7":{"loc":{"start":{"line":39,"column":4},"end":{"line":42,"column":5}},"type":"if","locations":[{"start":{"line":39,"column":4},"end":{"line":42,"column":5}},{"start":{},"end":{}}]},"8":{"loc":{"start":{"line":39,"column":8},"end":{"line":39,"column":59}},"type":"binary-expr","locations":[{"start":{"line":39,"column":8},"end":{"line":39,"column":19}},{"start":{"line":39,"column":24},"end":{"line":39,"column":41}},{"start":{"line":39,"column":45},"end":{"line":39,"column":58}}]},"9":{"loc":{"start":{"line":50,"column":12},"end":{"line":50,"column":46}},"type":"cond-expr","locations":[{"start":{"line":50,"column":26},"end":{"line":50,"column":34}},{"start":{"line":50,"column":37},"end":{"line":50,"column":46}}]},"10":{"loc":{"start":{"line":51,"column":16},"end":{"line":51,"column":47}},"type":"cond-expr","locations":[{"start":{"line":51,"column":30},"end":{"line":51,"column":31}},{"start":{"line":51,"column":34},"end":{"line":51,"column":47}}]},"11":{"loc":{"start":{"line":52,"column":20},"end":{"line":52,"column":51}},"type":"cond-expr","locations":[{"start":{"line":52,"column":34},"end":{"line":52,"column":39}},{"start":{"line":52,"column":42},"end":{"line":52,"column":51}}]},"12":{"loc":{"start":{"line":55,"column":7},"end":{"line":58,"column":null}},"type":"binary-expr","locations":[{"start":{"line":55,"column":7},"end":{"line":55,"column":13}},{"start":{"line":56,"column":8},"end":{"line":57,"column":null}}]},"13":{"loc":{"start":{"line":61,"column":7},"end":{"line":64,"column":null}},"type":"binary-expr","locations":[{"start":{"line":61,"column":7},"end":{"line":61,"column":13}},{"start":{"line":62,"column":8},"end":{"line":63,"column":null}}]}},"s":{"0":9,"1":9,"2":39,"3":39,"4":39,"5":39,"6":39,"7":5,"8":3,"9":39,"10":1,"11":1,"12":1,"13":39,"14":9},"f":{"0":39,"1":5,"2":1},"b":{"0":[19],"1":[20],"2":[39],"3":[39,39],"4":[22,17],"5":[3,2],"6":[5,3],"7":[1,0],"8":[1,1,0],"9":[22,17],"10":[22,17],"11":[22,17],"12":[39,1],"13":[39,1]}}
,"E:\\demo-taocang-helper\\src\\components\\common\\ErrorBoundary\\ErrorBoundary.tsx": {"path":"E:\\demo-taocang-helper\\src\\components\\common\\ErrorBoundary\\ErrorBoundary.tsx","statementMap":{"0":{"start":{"line":1,"column":0},"end":{"line":1,"column":63}},"1":{"start":{"line":20,"column":4},"end":{"line":20,"column":17}},"2":{"start":{"line":51,"column":2},"end":{"line":54,"column":null}},"3":{"start":{"line":53,"column":4},"end":{"line":53,"column":29}},"4":{"start":{"line":56,"column":2},"end":{"line":60,"column":null}},"5":{"start":{"line":58,"column":4},"end":{"line":58,"column":31}},"6":{"start":{"line":59,"column":4},"end":{"line":59,"column":29}},"7":{"start":{"line":21,"column":4},"end":{"line":25,"column":6}},"8":{"start":{"line":30,"column":4},"end":{"line":34,"column":6}},"9":{"start":{"line":39,"column":4},"end":{"line":39,"column":59}},"10":{"start":{"line":40,"column":4},"end":{"line":40,"column":64}},"11":{"start":{"line":42,"column":4},"end":{"line":45,"column":7}},"12":{"start":{"line":63,"column":43},"end":{"line":63,"column":53}},"13":{"start":{"line":64,"column":35},"end":{"line":64,"column":45}},"14":{"start":{"line":66,"column":4},"end":{"line":164,"column":5}},"15":{"start":{"line":68,"column":6},"end":{"line":70,"column":7}},"16":{"start":{"line":69,"column":8},"end":{"line":69,"column":24}},"17":{"start":{"line":73,"column":6},"end":{"line":163,"column":8}},"18":{"start":{"line":166,"column":4},"end":{"line":166,"column":20}},"19":{"start":{"line":170,"column":0},"end":{"line":170,"column":29}}},"fnMap":{"0":{"name":"(anonymous_9)","decl":{"start":{"line":19,"column":2},"end":{"line":19,"column":14}},"loc":{"start":{"line":19,"column":26},"end":{"line":26,"column":3}}},"1":{"name":"(anonymous_10)","decl":{"start":{"line":51,"column":17},"end":{"line":51,"column":26}},"loc":{"start":{"line":51,"column":28},"end":{"line":54,"column":3}}},"2":{"name":"(anonymous_11)","decl":{"start":{"line":56,"column":17},"end":{"line":56,"column":26}},"loc":{"start":{"line":56,"column":28},"end":{"line":60,"column":3}}},"3":{"name":"(anonymous_12)","decl":{"start":{"line":28,"column":2},"end":{"line":28,"column":8}},"loc":{"start":{"line":28,"column":46},"end":{"line":35,"column":3}}},"4":{"name":"(anonymous_13)","decl":{"start":{"line":37,"column":2},"end":{"line":37,"column":19}},"loc":{"start":{"line":37,"column":54},"end":{"line":49,"column":3}}},"5":{"name":"(anonymous_14)","decl":{"start":{"line":62,"column":2},"end":{"line":62,"column":8}},"loc":{"start":{"line":62,"column":8},"end":{"line":167,"column":3}}}},"branchMap":{"0":{"loc":{"start":{"line":66,"column":4},"end":{"line":164,"column":5}},"type":"if","locations":[{"start":{"line":66,"column":4},"end":{"line":164,"column":5}},{"start":{},"end":{}}]},"1":{"loc":{"start":{"line":68,"column":6},"end":{"line":70,"column":7}},"type":"if","locations":[{"start":{"line":68,"column":6},"end":{"line":70,"column":7}},{"start":{},"end":{}}]},"2":{"loc":{"start":{"line":105,"column":13},"end":{"line":117,"column":null}},"type":"binary-expr","locations":[{"start":{"line":105,"column":13},"end":{"line":105,"column":51}},{"start":{"line":105,"column":55},"end":{"line":105,"column":60}},{"start":{"line":106,"column":14},"end":{"line":116,"column":null}}]},"3":{"loc":{"start":{"line":111,"column":19},"end":{"line":114,"column":null}},"type":"binary-expr","locations":[{"start":{"line":111,"column":19},"end":{"line":111,"column":28}},{"start":{"line":112,"column":20},"end":{"line":113,"column":null}}]}},"s":{"0":9,"1":8,"2":7,"3":0,"4":7,"5":0,"6":0,"7":7,"8":6,"9":3,"10":3,"11":3,"12":16,"13":16,"14":16,"15":9,"16":0,"17":9,"18":7,"19":9},"f":{"0":8,"1":0,"2":0,"3":6,"4":3,"5":16},"b":{"0":[9,7],"1":[0,9],"2":[9,0,0],"3":[0,0]}}
,"E:\\demo-taocang-helper\\src\\components\\common\\Input\\Input.tsx": {"path":"E:\\demo-taocang-helper\\src\\components\\common\\Input\\Input.tsx","statementMap":{"0":{"start":{"line":1,"column":0},"end":{"line":1,"column":65}},"1":{"start":{"line":4,"column":68},"end":{"line":8,"column":2}},"2":{"start":{"line":10,"column":14},"end":{"line":132,"column":null}},"3":{"start":{"line":31,"column":34},"end":{"line":31,"column":49}},"4":{"start":{"line":33,"column":23},"end":{"line":38,"column":null}},"5":{"start":{"line":35,"column":8},"end":{"line":35,"column":25}},"6":{"start":{"line":36,"column":8},"end":{"line":36,"column":58}},"7":{"start":{"line":42,"column":6},"end":{"line":42,"column":273}},"8":{"start":{"line":44,"column":24},"end":{"line":46,"column":10}},"9":{"start":{"line":48,"column":27},"end":{"line":50,"column":10}},"10":{"start":{"line":52,"column":25},"end":{"line":58,"column":15}},"11":{"start":{"line":60,"column":24},"end":{"line":107,"column":5}},"12":{"start":{"line":61,"column":6},"end":{"line":73,"column":7}},"13":{"start":{"line":62,"column":8},"end":{"line":72,"column":10}},"14":{"start":{"line":75,"column":6},"end":{"line":93,"column":7}},"15":{"start":{"line":76,"column":8},"end":{"line":92,"column":10}},"16":{"start":{"line":87,"column":14},"end":{"line":87,"column":38}},"17":{"start":{"line":95,"column":6},"end":{"line":106,"column":8}},"18":{"start":{"line":109,"column":4},"end":{"line":131,"column":6}},"19":{"start":{"line":135,"column":0},"end":{"line":135,"column":28}},"20":{"start":{"line":137,"column":0},"end":{"line":137,"column":21}}},"fnMap":{"0":{"name":"(anonymous_9)","decl":{"start":{"line":14,"column":2},"end":{"line":14,"column":null}},"loc":{"start":{"line":30,"column":6},"end":{"line":132,"column":3}}},"1":{"name":"(anonymous_10)","decl":{"start":{"line":34,"column":6},"end":{"line":34,"column":7}},"loc":{"start":{"line":34,"column":90},"end":{"line":37,"column":7}}},"2":{"name":"(anonymous_11)","decl":{"start":{"line":60,"column":24},"end":{"line":60,"column":27}},"loc":{"start":{"line":60,"column":29},"end":{"line":107,"column":5}}},"3":{"name":"(anonymous_12)","decl":{"start":{"line":86,"column":25},"end":{"line":86,"column":26}},"loc":{"start":{"line":87,"column":14},"end":{"line":87,"column":38}}}},"branchMap":{"0":{"loc":{"start":{"line":16,"column":6},"end":{"line":16,"column":19}},"type":"default-arg","locations":[{"start":{"line":16,"column":13},"end":{"line":16,"column":19}}]},"1":{"loc":{"start":{"line":20,"column":6},"end":{"line":20,"column":22}},"type":"default-arg","locations":[{"start":{"line":20,"column":17},"end":{"line":20,"column":22}}]},"2":{"loc":{"start":{"line":21,"column":6},"end":{"line":21,"column":29}},"type":"default-arg","locations":[{"start":{"line":21,"column":25},"end":{"line":21,"column":29}}]},"3":{"loc":{"start":{"line":22,"column":6},"end":{"line":22,"column":21}},"type":"default-arg","locations":[{"start":{"line":22,"column":13},"end":{"line":22,"column":21}}]},"4":{"loc":{"start":{"line":24,"column":6},"end":{"line":24,"column":20}},"type":"default-arg","locations":[{"start":{"line":24,"column":18},"end":{"line":24,"column":20}}]},"5":{"loc":{"start":{"line":44,"column":24},"end":{"line":46,"column":10}},"type":"cond-expr","locations":[{"start":{"line":45,"column":8},"end":{"line":45,"column":74}},{"start":{"line":46,"column":8},"end":{"line":46,"column":10}}]},"6":{"loc":{"start":{"line":48,"column":27},"end":{"line":50,"column":10}},"type":"cond-expr","locations":[{"start":{"line":49,"column":8},"end":{"line":49,"column":51}},{"start":{"line":50,"column":8},"end":{"line":50,"column":10}}]},"7":{"loc":{"start":{"line":61,"column":6},"end":{"line":73,"column":7}},"type":"if","locations":[{"start":{"line":61,"column":6},"end":{"line":73,"column":7}},{"start":{},"end":{}}]},"8":{"loc":{"start":{"line":75,"column":6},"end":{"line":93,"column":7}},"type":"if","locations":[{"start":{"line":75,"column":6},"end":{"line":93,"column":7}},{"start":{},"end":{}}]},"9":{"loc":{"start":{"line":75,"column":10},"end":{"line":75,"column":38}},"type":"binary-expr","locations":[{"start":{"line":75,"column":10},"end":{"line":75,"column":27}},{"start":{"line":75,"column":31},"end":{"line":75,"column":38}}]},"10":{"loc":{"start":{"line":111,"column":9},"end":{"line":119,"column":null}},"type":"binary-expr","locations":[{"start":{"line":111,"column":9},"end":{"line":111,"column":14}},{"start":{"line":112,"column":10},"end":{"line":118,"column":null}}]},"11":{"loc":{"start":{"line":114,"column":13},"end":{"line":117,"column":null}},"type":"binary-expr","locations":[{"start":{"line":114,"column":13},"end":{"line":114,"column":21}},{"start":{"line":114,"column":25},"end":{"line":114,"column":41}},{"start":{"line":115,"column":14},"end":{"line":115,"column":null}}]},"12":{"loc":{"start":{"line":122,"column":9},"end":{"line":125,"column":null}},"type":"binary-expr","locations":[{"start":{"line":122,"column":9},"end":{"line":122,"column":14}},{"start":{"line":122,"column":18},"end":{"line":122,"column":25}},{"start":{"line":123,"column":10},"end":{"line":124,"column":null}}]},"13":{"loc":{"start":{"line":127,"column":9},"end":{"line":128,"column":null}},"type":"binary-expr","locations":[{"start":{"line":127,"column":9},"end":{"line":127,"column":19}},{"start":{"line":127,"column":23},"end":{"line":127,"column":29}},{"start":{"line":128,"column":10},"end":{"line":128,"column":82}}]}},"s":{"0":9,"1":9,"2":9,"3":46,"4":46,"5":2,"6":2,"7":46,"8":46,"9":46,"10":46,"11":46,"12":46,"13":1,"14":45,"15":7,"16":14,"17":38,"18":46,"19":9,"20":9},"f":{"0":46,"1":2,"2":46,"3":14},"b":{"0":[14],"1":[21],"2":[46],"3":[46],"4":[33],"5":[2,44],"6":[1,45],"7":[1,45],"8":[7,38],"9":[45,7],"10":[46,25],"11":[25,19,19],"12":[46,2,1],"13":[46,1,1]}}
,"E:\\demo-taocang-helper\\src\\components\\common\\Modal\\Modal.tsx": {"path":"E:\\demo-taocang-helper\\src\\components\\common\\Modal\\Modal.tsx","statementMap":{"0":{"start":{"line":1,"column":0},"end":{"line":1,"column":54}},"1":{"start":{"line":2,"column":0},"end":{"line":2,"column":33}},"2":{"start":{"line":5,"column":68},"end":{"line":10,"column":2}},"3":{"start":{"line":12,"column":36},"end":{"line":105,"column":1}},"4":{"start":{"line":24,"column":26},"end":{"line":30,"column":null}},"5":{"start":{"line":26,"column":6},"end":{"line":28,"column":7}},"6":{"start":{"line":27,"column":8},"end":{"line":27,"column":20}},"7":{"start":{"line":33,"column":20},"end":{"line":39,"column":null}},"8":{"start":{"line":35,"column":6},"end":{"line":37,"column":7}},"9":{"start":{"line":36,"column":8},"end":{"line":36,"column":20}},"10":{"start":{"line":42,"column":2},"end":{"line":51,"column":24}},"11":{"start":{"line":43,"column":4},"end":{"line":46,"column":5}},"12":{"start":{"line":44,"column":6},"end":{"line":44,"column":54}},"13":{"start":{"line":45,"column":6},"end":{"line":45,"column":46}},"14":{"start":{"line":47,"column":4},"end":{"line":50,"column":6}},"15":{"start":{"line":48,"column":6},"end":{"line":48,"column":57}},"16":{"start":{"line":49,"column":6},"end":{"line":49,"column":40}},"17":{"start":{"line":53,"column":2},"end":{"line":53,"column":25}},"18":{"start":{"line":53,"column":13},"end":{"line":53,"column":25}},"19":{"start":{"line":55,"column":23},"end":{"line":59,"column":13}},"20":{"start":{"line":61,"column":2},"end":{"line":104,"column":4}},"21":{"start":{"line":73,"column":24},"end":{"line":73,"column":43}},"22":{"start":{"line":107,"column":0},"end":{"line":107,"column":21}}},"fnMap":{"0":{"name":"(anonymous_9)","decl":{"start":{"line":12,"column":36},"end":{"line":12,"column":37}},"loc":{"start":{"line":23,"column":5},"end":{"line":105,"column":1}}},"1":{"name":"(anonymous_10)","decl":{"start":{"line":25,"column":4},"end":{"line":25,"column":5}},"loc":{"start":{"line":25,"column":44},"end":{"line":29,"column":5}}},"2":{"name":"(anonymous_11)","decl":{"start":{"line":34,"column":4},"end":{"line":34,"column":5}},"loc":{"start":{"line":34,"column":25},"end":{"line":38,"column":5}}},"3":{"name":"(anonymous_12)","decl":{"start":{"line":42,"column":12},"end":{"line":42,"column":15}},"loc":{"start":{"line":42,"column":17},"end":{"line":51,"column":3}}},"4":{"name":"(anonymous_13)","decl":{"start":{"line":47,"column":11},"end":{"line":47,"column":14}},"loc":{"start":{"line":47,"column":16},"end":{"line":50,"column":5}}},"5":{"name":"(anonymous_14)","decl":{"start":{"line":73,"column":17},"end":{"line":73,"column":18}},"loc":{"start":{"line":73,"column":24},"end":{"line":73,"column":43}}}},"branchMap":{"0":{"loc":{"start":{"line":17,"column":2},"end":{"line":17,"column":17}},"type":"default-arg","locations":[{"start":{"line":17,"column":9},"end":{"line":17,"column":17}}]},"1":{"loc":{"start":{"line":18,"column":2},"end":{"line":18,"column":20}},"type":"default-arg","locations":[{"start":{"line":18,"column":16},"end":{"line":18,"column":20}}]},"2":{"loc":{"start":{"line":19,"column":2},"end":{"line":19,"column":21}},"type":"default-arg","locations":[{"start":{"line":19,"column":17},"end":{"line":19,"column":21}}]},"3":{"loc":{"start":{"line":20,"column":2},"end":{"line":20,"column":20}},"type":"default-arg","locations":[{"start":{"line":20,"column":16},"end":{"line":20,"column":20}}]},"4":{"loc":{"start":{"line":22,"column":2},"end":{"line":22,"column":16}},"type":"default-arg","locations":[{"start":{"line":22,"column":14},"end":{"line":22,"column":16}}]},"5":{"loc":{"start":{"line":26,"column":6},"end":{"line":28,"column":7}},"type":"if","locations":[{"start":{"line":26,"column":6},"end":{"line":28,"column":7}},{"start":{},"end":{}}]},"6":{"loc":{"start":{"line":26,"column":10},"end":{"line":26,"column":54}},"type":"binary-expr","locations":[{"start":{"line":26,"column":10},"end":{"line":26,"column":22}},{"start":{"line":26,"column":26},"end":{"line":26,"column":54}}]},"7":{"loc":{"start":{"line":35,"column":6},"end":{"line":37,"column":7}},"type":"if","locations":[{"start":{"line":35,"column":6},"end":{"line":37,"column":7}},{"start":{},"end":{}}]},"8":{"loc":{"start":{"line":35,"column":10},"end":{"line":35,"column":43}},"type":"binary-expr","locations":[{"start":{"line":35,"column":10},"end":{"line":35,"column":21}},{"start":{"line":35,"column":25},"end":{"line":35,"column":43}}]},"9":{"loc":{"start":{"line":43,"column":4},"end":{"line":46,"column":5}},"type":"if","locations":[{"start":{"line":43,"column":4},"end":{"line":46,"column":5}},{"start":{},"end":{}}]},"10":{"loc":{"start":{"line":53,"column":2},"end":{"line":53,"column":25}},"type":"if","locations":[{"start":{"line":53,"column":2},"end":{"line":53,"column":25}},{"start":{},"end":{}}]},"11":{"loc":{"start":{"line":72,"column":25},"end":{"line":72,"column":58}},"type":"cond-expr","locations":[{"start":{"line":72,"column":33},"end":{"line":72,"column":46}},{"start":{"line":72,"column":49},"end":{"line":72,"column":58}}]},"12":{"loc":{"start":{"line":75,"column":9},"end":{"line":92,"column":null}},"type":"binary-expr","locations":[{"start":{"line":75,"column":9},"end":{"line":75,"column":14}},{"start":{"line":76,"column":10},"end":{"line":91,"column":null}}]},"13":{"loc":{"start":{"line":83,"column":13},"end":{"line":90,"column":null}},"type":"binary-expr","locations":[{"start":{"line":83,"column":13},"end":{"line":83,"column":24}},{"start":{"line":84,"column":14},"end":{"line":89,"column":null}}]},"14":{"loc":{"start":{"line":97,"column":9},"end":{"line":100,"column":null}},"type":"binary-expr","locations":[{"start":{"line":97,"column":9},"end":{"line":97,"column":15}},{"start":{"line":98,"column":10},"end":{"line":99,"column":null}}]}},"s":{"0":9,"1":9,"2":9,"3":9,"4":8,"5":2,"6":1,"7":8,"8":0,"9":0,"10":8,"11":8,"12":7,"13":7,"14":8,"15":8,"16":8,"17":8,"18":1,"19":7,"20":7,"21":1,"22":9},"f":{"0":8,"1":2,"2":0,"3":8,"4":8,"5":1},"b":{"0":[8],"1":[8],"2":[7],"3":[8],"4":[8],"5":[1,1],"6":[2,1],"7":[0,0],"8":[0,0],"9":[7,1],"10":[1,7],"11":[2,5],"12":[7,2],"13":[2,2],"14":[7,1]}}
,"E:\\demo-taocang-helper\\src\\components\\common\\Skeleton\\Skeleton.tsx": {"path":"E:\\demo-taocang-helper\\src\\components\\common\\Skeleton\\Skeleton.tsx","statementMap":{"0":{"start":{"line":1,"column":0},"end":{"line":1,"column":26}},"1":{"start":{"line":4,"column":42},"end":{"line":37,"column":1}},"2":{"start":{"line":11,"column":4},"end":{"line":11,"column":134}},"3":{"start":{"line":13,"column":50},"end":{"line":17,"column":4}},"4":{"start":{"line":19,"column":37},"end":{"line":19,"column":39}},"5":{"start":{"line":20,"column":2},"end":{"line":22,"column":3}},"6":{"start":{"line":21,"column":4},"end":{"line":21,"column":67}},"7":{"start":{"line":23,"column":2},"end":{"line":25,"column":3}},"8":{"start":{"line":24,"column":4},"end":{"line":24,"column":71}},"9":{"start":{"line":27,"column":18},"end":{"line":27,"column":69}},"10":{"start":{"line":29,"column":2},"end":{"line":36,"column":4}},"11":{"start":{"line":39,"column":0},"end":{"line":39,"column":24}}},"fnMap":{"0":{"name":"(anonymous_1)","decl":{"start":{"line":4,"column":42},"end":{"line":4,"column":43}},"loc":{"start":{"line":9,"column":5},"end":{"line":37,"column":1}}}},"branchMap":{"0":{"loc":{"start":{"line":5,"column":2},"end":{"line":5,"column":15}},"type":"default-arg","locations":[{"start":{"line":5,"column":9},"end":{"line":5,"column":15}}]},"1":{"loc":{"start":{"line":8,"column":2},"end":{"line":8,"column":16}},"type":"default-arg","locations":[{"start":{"line":8,"column":14},"end":{"line":8,"column":16}}]},"2":{"loc":{"start":{"line":20,"column":2},"end":{"line":22,"column":3}},"type":"if","locations":[{"start":{"line":20,"column":2},"end":{"line":22,"column":3}},{"start":{},"end":{}}]},"3":{"loc":{"start":{"line":21,"column":18},"end":{"line":21,"column":66}},"type":"cond-expr","locations":[{"start":{"line":21,"column":46},"end":{"line":21,"column":58}},{"start":{"line":21,"column":61},"end":{"line":21,"column":66}}]},"4":{"loc":{"start":{"line":23,"column":2},"end":{"line":25,"column":3}},"type":"if","locations":[{"start":{"line":23,"column":2},"end":{"line":25,"column":3}},{"start":{},"end":{}}]},"5":{"loc":{"start":{"line":24,"column":19},"end":{"line":24,"column":70}},"type":"cond-expr","locations":[{"start":{"line":24,"column":48},"end":{"line":24,"column":61}},{"start":{"line":24,"column":64},"end":{"line":24,"column":70}}]}},"s":{"0":9,"1":9,"2":5,"3":5,"4":5,"5":5,"6":3,"7":5,"8":3,"9":5,"10":5,"11":9},"f":{"0":5},"b":{"0":[2],"1":[5],"2":[3,2],"3":[3,0],"4":[3,2],"5":[3,0]}}
,"E:\\demo-taocang-helper\\src\\components\\common\\Toast\\Toast.tsx": {"path":"E:\\demo-taocang-helper\\src\\components\\common\\Toast\\Toast.tsx","statementMap":{"0":{"start":{"line":1,"column":0},"end":{"line":1,"column":54}},"1":{"start":{"line":2,"column":0},"end":{"line":2,"column":76}},"2":{"start":{"line":8,"column":4},"end":{"line":29,"column":2}},"3":{"start":{"line":31,"column":66},"end":{"line":36,"column":2}},"4":{"start":{"line":41,"column":5},"end":{"line":81,"column":1}},"5":{"start":{"line":42,"column":17},"end":{"line":42,"column":39}},"6":{"start":{"line":43,"column":15},"end":{"line":43,"column":26}},"7":{"start":{"line":44,"column":19},"end":{"line":44,"column":64}},"8":{"start":{"line":46,"column":23},"end":{"line":48,"column":26}},"9":{"start":{"line":47,"column":4},"end":{"line":47,"column":23}},"10":{"start":{"line":50,"column":2},"end":{"line":54,"column":31}},"11":{"start":{"line":51,"column":4},"end":{"line":51,"column":34}},"12":{"start":{"line":51,"column":27},"end":{"line":51,"column":34}},"13":{"start":{"line":52,"column":18},"end":{"line":52,"column":52}},"14":{"start":{"line":53,"column":4},"end":{"line":53,"column":37}},"15":{"start":{"line":53,"column":17},"end":{"line":53,"column":36}},"16":{"start":{"line":56,"column":2},"end":{"line":80,"column":4}},"17":{"start":{"line":83,"column":36},"end":{"line":95,"column":1}},"18":{"start":{"line":84,"column":2},"end":{"line":84,"column":39}},"19":{"start":{"line":84,"column":27},"end":{"line":84,"column":39}},"20":{"start":{"line":86,"column":2},"end":{"line":94,"column":4}},"21":{"start":{"line":89,"column":8},"end":{"line":89,"column":28}},"22":{"start":{"line":97,"column":0},"end":{"line":97,"column":21}}},"fnMap":{"0":{"name":"(anonymous_9)","decl":{"start":{"line":41,"column":5},"end":{"line":41,"column":6}},"loc":{"start":{"line":41,"column":29},"end":{"line":81,"column":1}}},"1":{"name":"(anonymous_10)","decl":{"start":{"line":46,"column":35},"end":{"line":46,"column":38}},"loc":{"start":{"line":46,"column":40},"end":{"line":48,"column":3}}},"2":{"name":"(anonymous_11)","decl":{"start":{"line":50,"column":12},"end":{"line":50,"column":15}},"loc":{"start":{"line":50,"column":17},"end":{"line":54,"column":3}}},"3":{"name":"(anonymous_12)","decl":{"start":{"line":53,"column":11},"end":{"line":53,"column":14}},"loc":{"start":{"line":53,"column":17},"end":{"line":53,"column":36}}},"4":{"name":"(anonymous_13)","decl":{"start":{"line":83,"column":36},"end":{"line":83,"column":37}},"loc":{"start":{"line":83,"column":61},"end":{"line":95,"column":1}}},"5":{"name":"(anonymous_14)","decl":{"start":{"line":88,"column":30},"end":{"line":88,"column":31}},"loc":{"start":{"line":89,"column":8},"end":{"line":89,"column":28}}}},"branchMap":{"0":{"loc":{"start":{"line":44,"column":19},"end":{"line":44,"column":64}},"type":"binary-expr","locations":[{"start":{"line":44,"column":19},"end":{"line":44,"column":33}},{"start":{"line":44,"column":37},"end":{"line":44,"column":64}}]},"1":{"loc":{"start":{"line":51,"column":4},"end":{"line":51,"column":34}},"type":"if","locations":[{"start":{"line":51,"column":4},"end":{"line":51,"column":34}},{"start":{},"end":{}}]},"2":{"loc":{"start":{"line":66,"column":9},"end":{"line":69,"column":null}},"type":"binary-expr","locations":[{"start":{"line":66,"column":9},"end":{"line":66,"column":26}},{"start":{"line":67,"column":10},"end":{"line":68,"column":null}}]},"3":{"loc":{"start":{"line":84,"column":2},"end":{"line":84,"column":39}},"type":"if","locations":[{"start":{"line":84,"column":2},"end":{"line":84,"column":39}},{"start":{},"end":{}}]}},"s":{"0":9,"1":9,"2":9,"3":9,"4":9,"5":8,"6":8,"7":8,"8":8,"9":2,"10":8,"11":8,"12":2,"13":6,"14":6,"15":6,"16":8,"17":9,"18":9,"19":3,"20":6,"21":8,"22":9},"f":{"0":8,"1":2,"2":8,"3":6,"4":9,"5":8},"b":{"0":[8,8],"1":[2,6],"2":[8,0],"3":[3,6]}}
,"E:\\demo-taocang-helper\\src\\components\\common\\Toast\\ToastProvider.tsx": {"path":"E:\\demo-taocang-helper\\src\\components\\common\\Toast\\ToastProvider.tsx","statementMap":{"0":{"start":{"line":1,"column":0},"end":{"line":1,"column":61}},"1":{"start":{"line":2,"column":0},"end":{"line":2,"column":28}},"2":{"start":{"line":5,"column":13},"end":{"line":7,"column":2}},"3":{"start":{"line":9,"column":31},"end":{"line":15,"column":1}},"4":{"start":{"line":10,"column":18},"end":{"line":10,"column":48}},"5":{"start":{"line":11,"column":2},"end":{"line":13,"column":3}},"6":{"start":{"line":12,"column":4},"end":{"line":12,"column":75}},"7":{"start":{"line":14,"column":2},"end":{"line":14,"column":17}},"8":{"start":{"line":9,"column":13},"end":{"line":9,"column":31}},"9":{"start":{"line":17,"column":63},"end":{"line":45,"column":1}},"10":{"start":{"line":20,"column":30},"end":{"line":20,"column":55}},"11":{"start":{"line":21,"column":16},"end":{"line":21,"column":25}},"12":{"start":{"line":23,"column":14},"end":{"line":33,"column":8}},"13":{"start":{"line":24,"column":15},"end":{"line":24,"column":41}},"14":{"start":{"line":25,"column":32},"end":{"line":31,"column":6}},"15":{"start":{"line":32,"column":4},"end":{"line":32,"column":45}},"16":{"start":{"line":32,"column":24},"end":{"line":32,"column":43}},"17":{"start":{"line":35,"column":17},"end":{"line":37,"column":8}},"18":{"start":{"line":36,"column":4},"end":{"line":36,"column":57}},"19":{"start":{"line":36,"column":24},"end":{"line":36,"column":55}},"20":{"start":{"line":36,"column":43},"end":{"line":36,"column":54}},"21":{"start":{"line":39,"column":2},"end":{"line":44,"column":4}},"22":{"start":{"line":47,"column":0},"end":{"line":47,"column":29}}},"fnMap":{"0":{"name":"(anonymous_10)","decl":{"start":{"line":9,"column":31},"end":{"line":9,"column":53}},"loc":{"start":{"line":9,"column":55},"end":{"line":15,"column":1}}},"1":{"name":"(anonymous_11)","decl":{"start":{"line":17,"column":63},"end":{"line":17,"column":64}},"loc":{"start":{"line":19,"column":5},"end":{"line":45,"column":1}}},"2":{"name":"(anonymous_12)","decl":{"start":{"line":23,"column":26},"end":{"line":23,"column":27}},"loc":{"start":{"line":23,"column":52},"end":{"line":33,"column":3}}},"3":{"name":"(anonymous_13)","decl":{"start":{"line":32,"column":14},"end":{"line":32,"column":15}},"loc":{"start":{"line":32,"column":24},"end":{"line":32,"column":43}}},"4":{"name":"(anonymous_14)","decl":{"start":{"line":35,"column":29},"end":{"line":35,"column":30}},"loc":{"start":{"line":35,"column":44},"end":{"line":37,"column":3}}},"5":{"name":"(anonymous_15)","decl":{"start":{"line":36,"column":14},"end":{"line":36,"column":15}},"loc":{"start":{"line":36,"column":24},"end":{"line":36,"column":55}}},"6":{"name":"(anonymous_16)","decl":{"start":{"line":36,"column":36},"end":{"line":36,"column":37}},"loc":{"start":{"line":36,"column":43},"end":{"line":36,"column":54}}}},"branchMap":{"0":{"loc":{"start":{"line":11,"column":2},"end":{"line":13,"column":3}},"type":"if","locations":[{"start":{"line":11,"column":2},"end":{"line":13,"column":3}},{"start":{},"end":{}}]},"1":{"loc":{"start":{"line":27,"column":12},"end":{"line":27,"column":34}},"type":"binary-expr","locations":[{"start":{"line":27,"column":12},"end":{"line":27,"column":24}},{"start":{"line":27,"column":28},"end":{"line":27,"column":34}}]}},"s":{"0":8,"1":8,"2":8,"3":8,"4":2,"5":2,"6":0,"7":2,"8":8,"9":8,"10":2,"11":2,"12":2,"13":0,"14":0,"15":0,"16":0,"17":2,"18":0,"19":0,"20":0,"21":2,"22":8},"f":{"0":2,"1":2,"2":0,"3":0,"4":0,"5":0,"6":0},"b":{"0":[0,2],"1":[0,0]}}
,"E:\\demo-taocang-helper\\src\\components\\common\\Toast\\useToast.ts": {"path":"E:\\demo-taocang-helper\\src\\components\\common\\Toast\\useToast.ts","statementMap":{"0":{"start":{"line":1,"column":0},"end":{"line":1,"column":36}},"1":{"start":{"line":2,"column":0},"end":{"line":2,"column":50}},"2":{"start":{"line":5,"column":24},"end":{"line":37,"column":1}},"3":{"start":{"line":6,"column":26},"end":{"line":6,"column":43}},"4":{"start":{"line":8,"column":18},"end":{"line":12,"column":null}},"5":{"start":{"line":10,"column":6},"end":{"line":10,"column":53}},"6":{"start":{"line":15,"column":18},"end":{"line":19,"column":null}},"7":{"start":{"line":17,"column":6},"end":{"line":17,"column":53}},"8":{"start":{"line":22,"column":16},"end":{"line":26,"column":null}},"9":{"start":{"line":24,"column":6},"end":{"line":24,"column":51}},"10":{"start":{"line":29,"column":15},"end":{"line":33,"column":null}},"11":{"start":{"line":31,"column":6},"end":{"line":31,"column":50}},"12":{"start":{"line":36,"column":2},"end":{"line":36,"column":56}},"13":{"start":{"line":5,"column":13},"end":{"line":5,"column":24}},"14":{"start":{"line":39,"column":0},"end":{"line":39,"column":24}}},"fnMap":{"0":{"name":"(anonymous_0)","decl":{"start":{"line":5,"column":24},"end":{"line":5,"column":27}},"loc":{"start":{"line":5,"column":29},"end":{"line":37,"column":1}}},"1":{"name":"(anonymous_1)","decl":{"start":{"line":9,"column":4},"end":{"line":9,"column":5}},"loc":{"start":{"line":9,"column":46},"end":{"line":11,"column":5}}},"2":{"name":"(anonymous_2)","decl":{"start":{"line":16,"column":4},"end":{"line":16,"column":5}},"loc":{"start":{"line":16,"column":46},"end":{"line":18,"column":5}}},"3":{"name":"(anonymous_3)","decl":{"start":{"line":23,"column":4},"end":{"line":23,"column":5}},"loc":{"start":{"line":23,"column":46},"end":{"line":25,"column":5}}},"4":{"name":"(anonymous_4)","decl":{"start":{"line":30,"column":4},"end":{"line":30,"column":5}},"loc":{"start":{"line":30,"column":46},"end":{"line":32,"column":5}}}},"branchMap":{},"s":{"0":8,"1":8,"2":8,"3":0,"4":0,"5":0,"6":0,"7":0,"8":0,"9":0,"10":0,"11":0,"12":0,"13":8,"14":8},"f":{"0":0,"1":0,"2":0,"3":0,"4":0},"b":{}}
,"E:\\demo-taocang-helper\\src\\components\\favorites\\FavoriteItemCard.tsx": {"path":"E:\\demo-taocang-helper\\src\\components\\favorites\\FavoriteItemCard.tsx","statementMap":{"0":{"start":{"line":1,"column":0},"end":{"line":1,"column":26}},"1":{"start":{"line":2,"column":0},"end":{"line":2,"column":73}},"2":{"start":{"line":3,"column":0},"end":{"line":3,"column":35}},"3":{"start":{"line":12,"column":19},"end":{"line":25,"column":2}},"4":{"start":{"line":27,"column":58},"end":{"line":110,"column":1}},"5":{"start":{"line":32,"column":17},"end":{"line":32,"column":38}},"6":{"start":{"line":33,"column":15},"end":{"line":33,"column":26}},"7":{"start":{"line":35,"column":2},"end":{"line":109,"column":4}},"8":{"start":{"line":94,"column":25},"end":{"line":94,"column":41}},"9":{"start":{"line":102,"column":25},"end":{"line":102,"column":42}},"10":{"start":{"line":112,"column":0},"end":{"line":112,"column":32}}},"fnMap":{"0":{"name":"(anonymous_1)","decl":{"start":{"line":27,"column":58},"end":{"line":27,"column":59}},"loc":{"start":{"line":31,"column":5},"end":{"line":110,"column":1}}},"1":{"name":"(anonymous_2)","decl":{"start":{"line":94,"column":19},"end":{"line":94,"column":22}},"loc":{"start":{"line":94,"column":25},"end":{"line":94,"column":41}}},"2":{"name":"(anonymous_3)","decl":{"start":{"line":102,"column":19},"end":{"line":102,"column":22}},"loc":{"start":{"line":102,"column":25},"end":{"line":102,"column":42}}}},"branchMap":{"0":{"loc":{"start":{"line":59,"column":9},"end":{"line":68,"column":null}},"type":"binary-expr","locations":[{"start":{"line":59,"column":9},"end":{"line":59,"column":21}},{"start":{"line":60,"column":10},"end":{"line":67,"column":null}}]},"1":{"loc":{"start":{"line":76,"column":11},"end":{"line":84,"column":null}},"type":"binary-expr","locations":[{"start":{"line":76,"column":11},"end":{"line":76,"column":24}},{"start":{"line":77,"column":12},"end":{"line":83,"column":null}}]}},"s":{"0":1,"1":1,"2":1,"3":1,"4":1,"5":5,"6":5,"7":5,"8":1,"9":1,"10":1},"f":{"0":5,"1":1,"2":1},"b":{"0":[5,4],"1":[5,4]}}
,"E:\\demo-taocang-helper\\src\\components\\policy\\PolicyCard.tsx": {"path":"E:\\demo-taocang-helper\\src\\components\\policy\\PolicyCard.tsx","statementMap":{"0":{"start":{"line":1,"column":0},"end":{"line":1,"column":26}},"1":{"start":{"line":2,"column":0},"end":{"line":2,"column":46}},"2":{"start":{"line":3,"column":0},"end":{"line":3,"column":33}},"3":{"start":{"line":14,"column":47},"end":{"line":18,"column":2}},"4":{"start":{"line":20,"column":44},"end":{"line":24,"column":2}},"5":{"start":{"line":26,"column":47},"end":{"line":30,"column":2}},"6":{"start":{"line":32,"column":44},"end":{"line":36,"column":2}},"7":{"start":{"line":41,"column":67},"end":{"line":61,"column":1}},"8":{"start":{"line":45,"column":2},"end":{"line":45,"column":42}},"9":{"start":{"line":45,"column":23},"end":{"line":45,"column":42}},"10":{"start":{"line":47,"column":16},"end":{"line":47,"column":99}},"11":{"start":{"line":48,"column":2},"end":{"line":60,"column":4}},"12":{"start":{"line":51,"column":8},"end":{"line":56,"column":null}},"13":{"start":{"line":63,"column":46},"end":{"line":173,"column":1}},"14":{"start":{"line":69,"column":30},"end":{"line":72,"column":3}},"15":{"start":{"line":70,"column":4},"end":{"line":70,"column":24}},"16":{"start":{"line":71,"column":4},"end":{"line":71,"column":31}},"17":{"start":{"line":74,"column":2},"end":{"line":172,"column":4}},"18":{"start":{"line":77,"column":21},"end":{"line":77,"column":38}},"19":{"start":{"line":106,"column":10},"end":{"line":107,"column":null}},"20":{"start":{"line":175,"column":0},"end":{"line":175,"column":26}}},"fnMap":{"0":{"name":"(anonymous_1)","decl":{"start":{"line":41,"column":67},"end":{"line":41,"column":68}},"loc":{"start":{"line":44,"column":5},"end":{"line":61,"column":1}}},"1":{"name":"(anonymous_2)","decl":{"start":{"line":50,"column":17},"end":{"line":50,"column":18}},"loc":{"start":{"line":51,"column":8},"end":{"line":56,"column":null}}},"2":{"name":"(anonymous_3)","decl":{"start":{"line":63,"column":46},"end":{"line":63,"column":47}},"loc":{"start":{"line":68,"column":5},"end":{"line":173,"column":1}}},"3":{"name":"(anonymous_4)","decl":{"start":{"line":69,"column":30},"end":{"line":69,"column":31}},"loc":{"start":{"line":69,"column":54},"end":{"line":72,"column":3}}},"4":{"name":"(anonymous_5)","decl":{"start":{"line":77,"column":15},"end":{"line":77,"column":18}},"loc":{"start":{"line":77,"column":21},"end":{"line":77,"column":38}}},"5":{"name":"(anonymous_6)","decl":{"start":{"line":105,"column":26},"end":{"line":105,"column":27}},"loc":{"start":{"line":106,"column":10},"end":{"line":107,"column":null}}}},"branchMap":{"0":{"loc":{"start":{"line":45,"column":2},"end":{"line":45,"column":42}},"type":"if","locations":[{"start":{"line":45,"column":2},"end":{"line":45,"column":42}},{"start":{},"end":{}}]},"1":{"loc":{"start":{"line":51,"column":8},"end":{"line":56,"column":null}},"type":"cond-expr","locations":[{"start":{"line":52,"column":10},"end":{"line":52,"column":24}},{"start":{"line":56,"column":10},"end":{"line":56,"column":25}}]},"2":{"loc":{"start":{"line":67,"column":2},"end":{"line":67,"column":20}},"type":"default-arg","locations":[{"start":{"line":67,"column":18},"end":{"line":67,"column":20}}]},"3":{"loc":{"start":{"line":86,"column":20},"end":{"line":86,"column":53}},"type":"cond-expr","locations":[{"start":{"line":86,"column":40},"end":{"line":86,"column":46}},{"start":{"line":86,"column":49},"end":{"line":86,"column":53}}]},"4":{"loc":{"start":{"line":91,"column":12},"end":{"line":93,"column":null}},"type":"cond-expr","locations":[{"start":{"line":92,"column":16},"end":{"line":92,"column":43}},{"start":{"line":93,"column":16},"end":{"line":93,"column":null}}]},"5":{"loc":{"start":{"line":103,"column":11},"end":{"line":103,"column":61}},"type":"binary-expr","locations":[{"start":{"line":103,"column":11},"end":{"line":103,"column":42}},{"start":{"line":103,"column":46},"end":{"line":103,"column":61}}]},"6":{"loc":{"start":{"line":110,"column":13},"end":{"line":110,"column":74}},"type":"cond-expr","locations":[{"start":{"line":110,"column":31},"end":{"line":110,"column":37}},{"start":{"line":110,"column":40},"end":{"line":110,"column":74}}]},"7":{"loc":{"start":{"line":110,"column":40},"end":{"line":110,"column":74}},"type":"cond-expr","locations":[{"start":{"line":110,"column":59},"end":{"line":110,"column":65}},{"start":{"line":110,"column":68},"end":{"line":110,"column":74}}]},"8":{"loc":{"start":{"line":116,"column":11},"end":{"line":116,"column":52}},"type":"binary-expr","locations":[{"start":{"line":116,"column":11},"end":{"line":116,"column":36}},{"start":{"line":116,"column":40},"end":{"line":116,"column":52}}]}},"s":{"0":1,"1":1,"2":1,"3":1,"4":1,"5":1,"6":1,"7":1,"8":6,"9":5,"10":1,"11":1,"12":3,"13":1,"14":6,"15":2,"16":2,"17":6,"18":1,"19":6,"20":1},"f":{"0":6,"1":3,"2":6,"3":2,"4":1,"5":6},"b":{"0":[5,1],"1":[1,2],"2":[5],"3":[1,5],"4":[1,5],"5":[6,0],"6":[6,0],"7":[0,0],"8":[6,0]}}
,"E:\\demo-taocang-helper\\src\\components\\policy\\PolicyFilter.tsx": {"path":"E:\\demo-taocang-helper\\src\\components\\policy\\PolicyFilter.tsx","statementMap":{"0":{"start":{"line":1,"column":0},"end":{"line":1,"column":61}},"1":{"start":{"line":2,"column":0},"end":{"line":2,"column":57}},"2":{"start":{"line":3,"column":0},"end":{"line":3,"column":42}},"3":{"start":{"line":4,"column":0},"end":{"line":4,"column":84}},"4":{"start":{"line":19,"column":24},"end":{"line":24,"column":2}},"5":{"start":{"line":26,"column":21},"end":{"line":31,"column":2}},"6":{"start":{"line":33,"column":21},"end":{"line":38,"column":2}},"7":{"start":{"line":40,"column":20},"end":{"line":45,"column":2}},"8":{"start":{"line":47,"column":50},"end":{"line":172,"column":1}},"9":{"start":{"line":51,"column":40},"end":{"line":51,"column":64}},"10":{"start":{"line":52,"column":22},"end":{"line":52,"column":61}},"11":{"start":{"line":54,"column":29},"end":{"line":63,"column":null}},"12":{"start":{"line":56,"column":20},"end":{"line":56,"column":34}},"13":{"start":{"line":57,"column":6},"end":{"line":57,"column":28}},"14":{"start":{"line":58,"column":6},"end":{"line":58,"column":65}},"15":{"start":{"line":58,"column":31},"end":{"line":58,"column":65}},"16":{"start":{"line":59,"column":6},"end":{"line":61,"column":14}},"17":{"start":{"line":60,"column":8},"end":{"line":60,"column":54}},"18":{"start":{"line":66,"column":29},"end":{"line":70,"column":null}},"19":{"start":{"line":68,"column":6},"end":{"line":68,"column":51}},"20":{"start":{"line":73,"column":2},"end":{"line":171,"column":4}},"21":{"start":{"line":98,"column":27},"end":{"line":98,"column":73}},"22":{"start":{"line":104,"column":12},"end":{"line":104,"column":36}},"23":{"start":{"line":112,"column":27},"end":{"line":112,"column":70}},"24":{"start":{"line":118,"column":12},"end":{"line":118,"column":36}},"25":{"start":{"line":126,"column":27},"end":{"line":126,"column":70}},"26":{"start":{"line":132,"column":12},"end":{"line":132,"column":36}},"27":{"start":{"line":140,"column":27},"end":{"line":140,"column":69}},"28":{"start":{"line":146,"column":12},"end":{"line":146,"column":36}},"29":{"start":{"line":157,"column":12},"end":{"line":157,"column":31}},"30":{"start":{"line":158,"column":12},"end":{"line":164,"column":15}},"31":{"start":{"line":174,"column":0},"end":{"line":174,"column":28}}},"fnMap":{"0":{"name":"(anonymous_9)","decl":{"start":{"line":47,"column":50},"end":{"line":47,"column":51}},"loc":{"start":{"line":50,"column":5},"end":{"line":172,"column":1}}},"1":{"name":"(anonymous_10)","decl":{"start":{"line":55,"column":4},"end":{"line":55,"column":5}},"loc":{"start":{"line":55,"column":47},"end":{"line":62,"column":5}}},"2":{"name":"(anonymous_11)","decl":{"start":{"line":59,"column":39},"end":{"line":59,"column":42}},"loc":{"start":{"line":59,"column":44},"end":{"line":61,"column":7}}},"3":{"name":"(anonymous_12)","decl":{"start":{"line":67,"column":4},"end":{"line":67,"column":5}},"loc":{"start":{"line":67,"column":52},"end":{"line":69,"column":5}}},"4":{"name":"(anonymous_13)","decl":{"start":{"line":98,"column":20},"end":{"line":98,"column":21}},"loc":{"start":{"line":98,"column":27},"end":{"line":98,"column":73}}},"5":{"name":"(anonymous_14)","decl":{"start":{"line":103,"column":31},"end":{"line":103,"column":32}},"loc":{"start":{"line":104,"column":12},"end":{"line":104,"column":36}}},"6":{"name":"(anonymous_15)","decl":{"start":{"line":112,"column":20},"end":{"line":112,"column":21}},"loc":{"start":{"line":112,"column":27},"end":{"line":112,"column":70}}},"7":{"name":"(anonymous_16)","decl":{"start":{"line":117,"column":28},"end":{"line":117,"column":29}},"loc":{"start":{"line":118,"column":12},"end":{"line":118,"column":36}}},"8":{"name":"(anonymous_17)","decl":{"start":{"line":126,"column":20},"end":{"line":126,"column":21}},"loc":{"start":{"line":126,"column":27},"end":{"line":126,"column":70}}},"9":{"name":"(anonymous_18)","decl":{"start":{"line":131,"column":28},"end":{"line":131,"column":29}},"loc":{"start":{"line":132,"column":12},"end":{"line":132,"column":36}}},"10":{"name":"(anonymous_19)","decl":{"start":{"line":140,"column":20},"end":{"line":140,"column":21}},"loc":{"start":{"line":140,"column":27},"end":{"line":140,"column":69}}},"11":{"name":"(anonymous_20)","decl":{"start":{"line":145,"column":27},"end":{"line":145,"column":28}},"loc":{"start":{"line":146,"column":12},"end":{"line":146,"column":36}}},"12":{"name":"(anonymous_21)","decl":{"start":{"line":156,"column":19},"end":{"line":156,"column":22}},"loc":{"start":{"line":156,"column":24},"end":{"line":165,"column":11}}}},"branchMap":{"0":{"loc":{"start":{"line":58,"column":6},"end":{"line":58,"column":65}},"type":"if","locations":[{"start":{"line":58,"column":6},"end":{"line":58,"column":65}},{"start":{},"end":{}}]}},"s":{"0":1,"1":1,"2":1,"3":1,"4":1,"5":1,"6":1,"7":1,"8":1,"9":7,"10":7,"11":7,"12":1,"13":1,"14":1,"15":0,"16":1,"17":1,"18":7,"19":2,"20":7,"21":1,"22":28,"23":1,"24":28,"25":0,"26":28,"27":0,"28":28,"29":1,"30":1,"31":1},"f":{"0":7,"1":1,"2":1,"3":2,"4":1,"5":28,"6":1,"7":28,"8":0,"9":28,"10":0,"11":28,"12":1},"b":{"0":[0,1]}}
,"E:\\demo-taocang-helper\\src\\components\\policy\\PolicyViewer.tsx": {"path":"E:\\demo-taocang-helper\\src\\components\\policy\\PolicyViewer.tsx","statementMap":{"0":{"start":{"line":1,"column":0},"end":{"line":1,"column":51}},"1":{"start":{"line":2,"column":0},"end":{"line":2,"column":null}},"2":{"start":{"line":11,"column":0},"end":{"line":11,"column":41}},"3":{"start":{"line":21,"column":47},"end":{"line":25,"column":2}},"4":{"start":{"line":27,"column":44},"end":{"line":31,"column":2}},"5":{"start":{"line":33,"column":52},"end":{"line":37,"column":2}},"6":{"start":{"line":39,"column":44},"end":{"line":43,"column":2}},"7":{"start":{"line":45,"column":50},"end":{"line":275,"column":1}},"8":{"start":{"line":50,"column":36},"end":{"line":50,"column":80}},"9":{"start":{"line":53,"column":25},"end":{"line":57,"column":3}},"10":{"start":{"line":54,"column":4},"end":{"line":54,"column":41}},"11":{"start":{"line":54,"column":22},"end":{"line":54,"column":41}},"12":{"start":{"line":55,"column":4},"end":{"line":55,"column":69}},"13":{"start":{"line":55,"column":29},"end":{"line":55,"column":69}},"14":{"start":{"line":56,"column":4},"end":{"line":56,"column":53}},"15":{"start":{"line":60,"column":21},"end":{"line":66,"column":3}},"16":{"start":{"line":61,"column":4},"end":{"line":65,"column":7}},"17":{"start":{"line":69,"column":2},"end":{"line":71,"column":18}},"18":{"start":{"line":70,"column":4},"end":{"line":70,"column":52}},"19":{"start":{"line":73,"column":2},"end":{"line":274,"column":4}},"20":{"start":{"line":94,"column":31},"end":{"line":94,"column":57}},"21":{"start":{"line":107,"column":31},"end":{"line":107,"column":51}},"22":{"start":{"line":172,"column":25},"end":{"line":172,"column":48}},"23":{"start":{"line":188,"column":25},"end":{"line":188,"column":50}},"24":{"start":{"line":211,"column":18},"end":{"line":212,"column":49}},"25":{"start":{"line":214,"column":16},"end":{"line":227,"column":17}},"26":{"start":{"line":215,"column":18},"end":{"line":226,"column":20}},"27":{"start":{"line":229,"column":16},"end":{"line":231,"column":17}},"28":{"start":{"line":230,"column":18},"end":{"line":230,"column":65}},"29":{"start":{"line":233,"column":16},"end":{"line":245,"column":18}},"30":{"start":{"line":253,"column":16},"end":{"line":254,"column":null}},"31":{"start":{"line":277,"column":0},"end":{"line":277,"column":28}}},"fnMap":{"0":{"name":"(anonymous_9)","decl":{"start":{"line":45,"column":50},"end":{"line":45,"column":51}},"loc":{"start":{"line":49,"column":5},"end":{"line":275,"column":1}}},"1":{"name":"(anonymous_10)","decl":{"start":{"line":53,"column":25},"end":{"line":53,"column":26}},"loc":{"start":{"line":53,"column":51},"end":{"line":57,"column":3}}},"2":{"name":"(anonymous_11)","decl":{"start":{"line":60,"column":21},"end":{"line":60,"column":22}},"loc":{"start":{"line":60,"column":44},"end":{"line":66,"column":3}}},"3":{"name":"(anonymous_12)","decl":{"start":{"line":69,"column":12},"end":{"line":69,"column":15}},"loc":{"start":{"line":69,"column":17},"end":{"line":71,"column":3}}},"4":{"name":"(anonymous_13)","decl":{"start":{"line":94,"column":25},"end":{"line":94,"column":28}},"loc":{"start":{"line":94,"column":31},"end":{"line":94,"column":57}}},"5":{"name":"(anonymous_14)","decl":{"start":{"line":107,"column":25},"end":{"line":107,"column":28}},"loc":{"start":{"line":107,"column":31},"end":{"line":107,"column":51}}},"6":{"name":"(anonymous_15)","decl":{"start":{"line":172,"column":19},"end":{"line":172,"column":22}},"loc":{"start":{"line":172,"column":25},"end":{"line":172,"column":48}}},"7":{"name":"(anonymous_16)","decl":{"start":{"line":188,"column":19},"end":{"line":188,"column":22}},"loc":{"start":{"line":188,"column":25},"end":{"line":188,"column":50}}},"8":{"name":"(anonymous_17)","decl":{"start":{"line":208,"column":46},"end":{"line":208,"column":47}},"loc":{"start":{"line":208,"column":62},"end":{"line":246,"column":15}}},"9":{"name":"(anonymous_18)","decl":{"start":{"line":252,"column":36},"end":{"line":252,"column":37}},"loc":{"start":{"line":253,"column":16},"end":{"line":254,"column":null}}}},"branchMap":{"0":{"loc":{"start":{"line":54,"column":4},"end":{"line":54,"column":41}},"type":"if","locations":[{"start":{"line":54,"column":4},"end":{"line":54,"column":41}},{"start":{},"end":{}}]},"1":{"loc":{"start":{"line":55,"column":4},"end":{"line":55,"column":69}},"type":"if","locations":[{"start":{"line":55,"column":4},"end":{"line":55,"column":69}},{"start":{},"end":{}}]},"2":{"loc":{"start":{"line":92,"column":25},"end":{"line":92,"column":64}},"type":"cond-expr","locations":[{"start":{"line":92,"column":45},"end":{"line":92,"column":54}},{"start":{"line":92,"column":57},"end":{"line":92,"column":64}}]},"3":{"loc":{"start":{"line":95,"column":28},"end":{"line":95,"column":61}},"type":"cond-expr","locations":[{"start":{"line":95,"column":48},"end":{"line":95,"column":54}},{"start":{"line":95,"column":57},"end":{"line":95,"column":61}}]},"4":{"loc":{"start":{"line":99,"column":20},"end":{"line":99,"column":null}},"type":"cond-expr","locations":[{"start":{"line":99,"column":40},"end":{"line":99,"column":52}},{"start":{"line":99,"column":55},"end":{"line":99,"column":null}}]},"5":{"loc":{"start":{"line":102,"column":17},"end":{"line":102,"column":49}},"type":"cond-expr","locations":[{"start":{"line":102,"column":37},"end":{"line":102,"column":42}},{"start":{"line":102,"column":45},"end":{"line":102,"column":49}}]},"6":{"loc":{"start":{"line":122,"column":15},"end":{"line":122,"column":65}},"type":"binary-expr","locations":[{"start":{"line":122,"column":15},"end":{"line":122,"column":46}},{"start":{"line":122,"column":50},"end":{"line":122,"column":65}}]},"7":{"loc":{"start":{"line":130,"column":20},"end":{"line":130,"column":61}},"type":"binary-expr","locations":[{"start":{"line":130,"column":20},"end":{"line":130,"column":45}},{"start":{"line":130,"column":49},"end":{"line":130,"column":61}}]},"8":{"loc":{"start":{"line":168,"column":12},"end":{"line":170,"column":null}},"type":"cond-expr","locations":[{"start":{"line":169,"column":16},"end":{"line":169,"column":30}},{"start":{"line":170,"column":16},"end":{"line":170,"column":null}}]},"9":{"loc":{"start":{"line":178,"column":11},"end":{"line":179,"column":null}},"type":"binary-expr","locations":[{"start":{"line":178,"column":11},"end":{"line":178,"column":34}},{"start":{"line":179,"column":12},"end":{"line":179,"column":84}}]},"10":{"loc":{"start":{"line":184,"column":12},"end":{"line":186,"column":null}},"type":"cond-expr","locations":[{"start":{"line":185,"column":16},"end":{"line":185,"column":30}},{"start":{"line":186,"column":16},"end":{"line":186,"column":null}}]},"11":{"loc":{"start":{"line":197,"column":11},"end":{"line":198,"column":null}},"type":"binary-expr","locations":[{"start":{"line":197,"column":11},"end":{"line":197,"column":36}},{"start":{"line":198,"column":12},"end":{"line":198,"column":84}}]},"12":{"loc":{"start":{"line":205,"column":9},"end":{"line":270,"column":null}},"type":"cond-expr","locations":[{"start":{"line":206,"column":10},"end":{"line":247,"column":null}},{"start":{"line":250,"column":10},"end":{"line":269,"column":null}}]},"13":{"loc":{"start":{"line":211,"column":18},"end":{"line":212,"column":49}},"type":"binary-expr","locations":[{"start":{"line":211,"column":18},"end":{"line":211,"column":46}},{"start":{"line":212,"column":18},"end":{"line":212,"column":49}}]},"14":{"loc":{"start":{"line":214,"column":16},"end":{"line":227,"column":17}},"type":"if","locations":[{"start":{"line":214,"column":16},"end":{"line":227,"column":17}},{"start":{},"end":{}}]},"15":{"loc":{"start":{"line":229,"column":16},"end":{"line":231,"column":17}},"type":"if","locations":[{"start":{"line":229,"column":16},"end":{"line":231,"column":17}},{"start":{},"end":{}}]}},"s":{"0":1,"1":1,"2":1,"3":1,"4":1,"5":1,"6":1,"7":1,"8":7,"9":7,"10":7,"11":0,"12":7,"13":7,"14":0,"15":7,"16":0,"17":7,"18":6,"19":7,"20":1,"21":1,"22":0,"23":1,"24":42,"25":42,"26":0,"27":42,"28":18,"29":24,"30":2,"31":1},"f":{"0":7,"1":7,"2":0,"3":6,"4":1,"5":1,"6":0,"7":1,"8":42,"9":2},"b":{"0":[0,7],"1":[7,0],"2":[1,6],"3":[1,6],"4":[1,6],"5":[1,6],"6":[7,0],"7":[7,0],"8":[6,1],"9":[7,6],"10":[1,6],"11":[7,1],"12":[6,1],"13":[42,42],"14":[0,42],"15":[18,24]}}
,"E:\\demo-taocang-helper\\src\\components\\template\\TemplateCard.tsx": {"path":"E:\\demo-taocang-helper\\src\\components\\template\\TemplateCard.tsx","statementMap":{"0":{"start":{"line":1,"column":0},"end":{"line":1,"column":26}},"1":{"start":{"line":2,"column":0},"end":{"line":2,"column":52}},"2":{"start":{"line":3,"column":0},"end":{"line":3,"column":33}},"3":{"start":{"line":13,"column":47},"end":{"line":18,"column":2}},"4":{"start":{"line":20,"column":50},"end":{"line":118,"column":1}},"5":{"start":{"line":26,"column":30},"end":{"line":29,"column":3}},"6":{"start":{"line":27,"column":4},"end":{"line":27,"column":24}},"7":{"start":{"line":28,"column":4},"end":{"line":28,"column":33}},"8":{"start":{"line":31,"column":29},"end":{"line":34,"column":3}},"9":{"start":{"line":32,"column":4},"end":{"line":32,"column":24}},"10":{"start":{"line":33,"column":4},"end":{"line":33,"column":26}},"11":{"start":{"line":36,"column":2},"end":{"line":117,"column":4}},"12":{"start":{"line":39,"column":21},"end":{"line":39,"column":40}},"13":{"start":{"line":120,"column":0},"end":{"line":120,"column":28}}},"fnMap":{"0":{"name":"(anonymous_1)","decl":{"start":{"line":20,"column":50},"end":{"line":20,"column":51}},"loc":{"start":{"line":25,"column":5},"end":{"line":118,"column":1}}},"1":{"name":"(anonymous_2)","decl":{"start":{"line":26,"column":30},"end":{"line":26,"column":31}},"loc":{"start":{"line":26,"column":54},"end":{"line":29,"column":3}}},"2":{"name":"(anonymous_3)","decl":{"start":{"line":31,"column":29},"end":{"line":31,"column":30}},"loc":{"start":{"line":31,"column":53},"end":{"line":34,"column":3}}},"3":{"name":"(anonymous_4)","decl":{"start":{"line":39,"column":15},"end":{"line":39,"column":18}},"loc":{"start":{"line":39,"column":21},"end":{"line":39,"column":40}}}},"branchMap":{"0":{"loc":{"start":{"line":48,"column":20},"end":{"line":48,"column":55}},"type":"cond-expr","locations":[{"start":{"line":48,"column":42},"end":{"line":48,"column":48}},{"start":{"line":48,"column":51},"end":{"line":48,"column":55}}]},"1":{"loc":{"start":{"line":53,"column":12},"end":{"line":55,"column":null}},"type":"cond-expr","locations":[{"start":{"line":54,"column":16},"end":{"line":54,"column":43}},{"start":{"line":55,"column":16},"end":{"line":55,"column":null}}]},"2":{"loc":{"start":{"line":65,"column":11},"end":{"line":65,"column":65}},"type":"binary-expr","locations":[{"start":{"line":65,"column":11},"end":{"line":65,"column":44}},{"start":{"line":65,"column":48},"end":{"line":65,"column":65}}]}},"s":{"0":2,"1":2,"2":2,"3":2,"4":2,"5":5,"6":1,"7":1,"8":5,"9":1,"10":1,"11":5,"12":1,"13":2},"f":{"0":5,"1":1,"2":1,"3":1},"b":{"0":[1,4],"1":[1,4],"2":[5,0]}}
,"E:\\demo-taocang-helper\\src\\components\\template\\TemplateFilter.tsx": {"path":"E:\\demo-taocang-helper\\src\\components\\template\\TemplateFilter.tsx","statementMap":{"0":{"start":{"line":1,"column":0},"end":{"line":1,"column":72}},"1":{"start":{"line":2,"column":0},"end":{"line":2,"column":57}},"2":{"start":{"line":3,"column":0},"end":{"line":3,"column":42}},"3":{"start":{"line":4,"column":0},"end":{"line":4,"column":62}},"4":{"start":{"line":17,"column":73},"end":{"line":23,"column":2}},"5":{"start":{"line":25,"column":54},"end":{"line":123,"column":1}},"6":{"start":{"line":33,"column":40},"end":{"line":33,"column":61}},"7":{"start":{"line":34,"column":22},"end":{"line":34,"column":61}},"8":{"start":{"line":36,"column":29},"end":{"line":49,"column":null}},"9":{"start":{"line":38,"column":20},"end":{"line":38,"column":34}},"10":{"start":{"line":39,"column":6},"end":{"line":39,"column":28}},"11":{"start":{"line":41,"column":6},"end":{"line":43,"column":7}},"12":{"start":{"line":42,"column":8},"end":{"line":42,"column":42}},"13":{"start":{"line":45,"column":6},"end":{"line":47,"column":14}},"14":{"start":{"line":46,"column":8},"end":{"line":46,"column":30}},"15":{"start":{"line":52,"column":2},"end":{"line":58,"column":9}},"16":{"start":{"line":53,"column":4},"end":{"line":57,"column":6}},"17":{"start":{"line":54,"column":6},"end":{"line":56,"column":7}},"18":{"start":{"line":55,"column":8},"end":{"line":55,"column":42}},"19":{"start":{"line":60,"column":2},"end":{"line":122,"column":4}},"20":{"start":{"line":78,"column":10},"end":{"line":79,"column":null}},"21":{"start":{"line":82,"column":27},"end":{"line":82,"column":54}},"22":{"start":{"line":108,"column":27},"end":{"line":108,"column":48}},"23":{"start":{"line":115,"column":27},"end":{"line":115,"column":50}},"24":{"start":{"line":125,"column":0},"end":{"line":125,"column":30}}},"fnMap":{"0":{"name":"(anonymous_9)","decl":{"start":{"line":25,"column":54},"end":{"line":25,"column":55}},"loc":{"start":{"line":32,"column":5},"end":{"line":123,"column":1}}},"1":{"name":"(anonymous_10)","decl":{"start":{"line":37,"column":4},"end":{"line":37,"column":5}},"loc":{"start":{"line":37,"column":47},"end":{"line":48,"column":5}}},"2":{"name":"(anonymous_11)","decl":{"start":{"line":45,"column":39},"end":{"line":45,"column":42}},"loc":{"start":{"line":45,"column":44},"end":{"line":47,"column":7}}},"3":{"name":"(anonymous_12)","decl":{"start":{"line":52,"column":12},"end":{"line":52,"column":15}},"loc":{"start":{"line":52,"column":17},"end":{"line":58,"column":3}}},"4":{"name":"(anonymous_13)","decl":{"start":{"line":53,"column":11},"end":{"line":53,"column":14}},"loc":{"start":{"line":53,"column":16},"end":{"line":57,"column":5}}},"5":{"name":"(anonymous_14)","decl":{"start":{"line":77,"column":24},"end":{"line":77,"column":25}},"loc":{"start":{"line":78,"column":10},"end":{"line":79,"column":null}}},"6":{"name":"(anonymous_15)","decl":{"start":{"line":82,"column":21},"end":{"line":82,"column":24}},"loc":{"start":{"line":82,"column":27},"end":{"line":82,"column":54}}},"7":{"name":"(anonymous_16)","decl":{"start":{"line":108,"column":21},"end":{"line":108,"column":24}},"loc":{"start":{"line":108,"column":27},"end":{"line":108,"column":48}}},"8":{"name":"(anonymous_17)","decl":{"start":{"line":115,"column":21},"end":{"line":115,"column":24}},"loc":{"start":{"line":115,"column":27},"end":{"line":115,"column":50}}}},"branchMap":{"0":{"loc":{"start":{"line":41,"column":6},"end":{"line":43,"column":7}},"type":"if","locations":[{"start":{"line":41,"column":6},"end":{"line":43,"column":7}},{"start":{},"end":{}}]},"1":{"loc":{"start":{"line":54,"column":6},"end":{"line":56,"column":7}},"type":"if","locations":[{"start":{"line":54,"column":6},"end":{"line":56,"column":7}},{"start":{},"end":{}}]},"2":{"loc":{"start":{"line":80,"column":21},"end":{"line":80,"column":71}},"type":"cond-expr","locations":[{"start":{"line":80,"column":52},"end":{"line":80,"column":61}},{"start":{"line":80,"column":64},"end":{"line":80,"column":71}}]},"3":{"loc":{"start":{"line":106,"column":21},"end":{"line":106,"column":61}},"type":"cond-expr","locations":[{"start":{"line":106,"column":42},"end":{"line":106,"column":51}},{"start":{"line":106,"column":54},"end":{"line":106,"column":61}}]},"4":{"loc":{"start":{"line":113,"column":21},"end":{"line":113,"column":63}},"type":"cond-expr","locations":[{"start":{"line":113,"column":44},"end":{"line":113,"column":53}},{"start":{"line":113,"column":56},"end":{"line":113,"column":63}}]}},"s":{"0":2,"1":2,"2":2,"3":2,"4":2,"5":2,"6":6,"7":6,"8":6,"9":1,"10":1,"11":1,"12":0,"13":1,"14":1,"15":6,"16":5,"17":5,"18":1,"19":6,"20":30,"21":1,"22":0,"23":1,"24":2},"f":{"0":6,"1":1,"2":1,"3":5,"4":5,"5":30,"6":1,"7":0,"8":1},"b":{"0":[0,1],"1":[1,4],"2":[6,24],"3":[6,0],"4":[0,6]}}
,"E:\\demo-taocang-helper\\src\\components\\template\\TemplatePreview.tsx": {"path":"E:\\demo-taocang-helper\\src\\components\\template\\TemplatePreview.tsx","statementMap":{"0":{"start":{"line":1,"column":0},"end":{"line":1,"column":26}},"1":{"start":{"line":12,"column":27},"end":{"line":39,"column":1}},"2":{"start":{"line":13,"column":16},"end":{"line":13,"column":47}},"3":{"start":{"line":15,"column":2},"end":{"line":38,"column":5}},"4":{"start":{"line":16,"column":18},"end":{"line":16,"column":47}},"5":{"start":{"line":17,"column":4},"end":{"line":30,"column":5}},"6":{"start":{"line":18,"column":27},"end":{"line":18,"column":35}},"7":{"start":{"line":19,"column":6},"end":{"line":29,"column":8}},"8":{"start":{"line":32,"column":4},"end":{"line":37,"column":7}},"9":{"start":{"line":33,"column":6},"end":{"line":33,"column":null}},"10":{"start":{"line":41,"column":56},"end":{"line":107,"column":1}},"11":{"start":{"line":42,"column":2},"end":{"line":106,"column":4}},"12":{"start":{"line":79,"column":14},"end":{"line":80,"column":null}},"13":{"start":{"line":109,"column":0},"end":{"line":109,"column":31}}},"fnMap":{"0":{"name":"(anonymous_1)","decl":{"start":{"line":12,"column":27},"end":{"line":12,"column":28}},"loc":{"start":{"line":12,"column":66},"end":{"line":39,"column":1}}},"1":{"name":"(anonymous_2)","decl":{"start":{"line":15,"column":19},"end":{"line":15,"column":20}},"loc":{"start":{"line":15,"column":35},"end":{"line":38,"column":3}}},"2":{"name":"(anonymous_3)","decl":{"start":{"line":32,"column":32},"end":{"line":32,"column":33}},"loc":{"start":{"line":33,"column":6},"end":{"line":33,"column":null}}},"3":{"name":"(anonymous_4)","decl":{"start":{"line":41,"column":56},"end":{"line":41,"column":57}},"loc":{"start":{"line":41,"column":73},"end":{"line":107,"column":1}}},"4":{"name":"(anonymous_5)","decl":{"start":{"line":78,"column":36},"end":{"line":78,"column":37}},"loc":{"start":{"line":79,"column":14},"end":{"line":80,"column":null}}}},"branchMap":{"0":{"loc":{"start":{"line":17,"column":4},"end":{"line":30,"column":5}},"type":"if","locations":[{"start":{"line":17,"column":4},"end":{"line":30,"column":5}},{"start":{},"end":{}}]},"1":{"loc":{"start":{"line":35,"column":9},"end":{"line":35,"column":45}},"type":"binary-expr","locations":[{"start":{"line":35,"column":9},"end":{"line":35,"column":35}},{"start":{"line":35,"column":39},"end":{"line":35,"column":45}}]},"2":{"loc":{"start":{"line":66,"column":7},"end":{"line":103,"column":null}},"type":"binary-expr","locations":[{"start":{"line":66,"column":7},"end":{"line":66,"column":36}},{"start":{"line":67,"column":8},"end":{"line":102,"column":null}}]},"3":{"loc":{"start":{"line":96,"column":19},"end":{"line":97,"column":null}},"type":"binary-expr","locations":[{"start":{"line":96,"column":19},"end":{"line":96,"column":36}},{"start":{"line":97,"column":20},"end":{"line":97,"column":66}}]}},"s":{"0":2,"1":2,"2":4,"3":4,"4":20,"5":20,"6":8,"7":8,"8":12,"9":20,"10":2,"11":4,"12":8,"13":2},"f":{"0":4,"1":20,"2":20,"3":4,"4":8},"b":{"0":[8,12],"1":[20,8],"2":[4,4],"3":[8,8]}}
,"E:\\demo-taocang-helper\\src\\components\\template\\TemplatePreviewModal.tsx": {"path":"E:\\demo-taocang-helper\\src\\components\\template\\TemplatePreviewModal.tsx","statementMap":{"0":{"start":{"line":1,"column":0},"end":{"line":1,"column":51}},"1":{"start":{"line":2,"column":0},"end":{"line":2,"column":52}},"2":{"start":{"line":3,"column":0},"end":{"line":3,"column":48}},"3":{"start":{"line":13,"column":66},"end":{"line":82,"column":1}},"4":{"start":{"line":19,"column":32},"end":{"line":19,"column":46}},"5":{"start":{"line":22,"column":2},"end":{"line":30,"column":23}},"6":{"start":{"line":23,"column":4},"end":{"line":29,"column":5}},"7":{"start":{"line":24,"column":6},"end":{"line":24,"column":23}},"8":{"start":{"line":25,"column":20},"end":{"line":27,"column":13}},"9":{"start":{"line":26,"column":8},"end":{"line":26,"column":26}},"10":{"start":{"line":28,"column":6},"end":{"line":28,"column":39}},"11":{"start":{"line":28,"column":19},"end":{"line":28,"column":38}},"12":{"start":{"line":32,"column":23},"end":{"line":37,"column":3}},"13":{"start":{"line":33,"column":4},"end":{"line":36,"column":5}},"14":{"start":{"line":34,"column":6},"end":{"line":34,"column":27}},"15":{"start":{"line":35,"column":6},"end":{"line":35,"column":16}},"16":{"start":{"line":39,"column":2},"end":{"line":81,"column":4}},"17":{"start":{"line":84,"column":0},"end":{"line":84,"column":36}}},"fnMap":{"0":{"name":"(anonymous_10)","decl":{"start":{"line":13,"column":66},"end":{"line":13,"column":67}},"loc":{"start":{"line":18,"column":5},"end":{"line":82,"column":1}}},"1":{"name":"(anonymous_11)","decl":{"start":{"line":22,"column":12},"end":{"line":22,"column":15}},"loc":{"start":{"line":22,"column":17},"end":{"line":30,"column":3}}},"2":{"name":"(anonymous_12)","decl":{"start":{"line":25,"column":31},"end":{"line":25,"column":34}},"loc":{"start":{"line":25,"column":36},"end":{"line":27,"column":7}}},"3":{"name":"(anonymous_13)","decl":{"start":{"line":28,"column":13},"end":{"line":28,"column":16}},"loc":{"start":{"line":28,"column":19},"end":{"line":28,"column":38}}},"4":{"name":"(anonymous_14)","decl":{"start":{"line":32,"column":23},"end":{"line":32,"column":26}},"loc":{"start":{"line":32,"column":28},"end":{"line":37,"column":3}}}},"branchMap":{"0":{"loc":{"start":{"line":23,"column":4},"end":{"line":29,"column":5}},"type":"if","locations":[{"start":{"line":23,"column":4},"end":{"line":29,"column":5}},{"start":{},"end":{}}]},"1":{"loc":{"start":{"line":23,"column":8},"end":{"line":23,"column":24}},"type":"binary-expr","locations":[{"start":{"line":23,"column":8},"end":{"line":23,"column":12}},{"start":{"line":23,"column":16},"end":{"line":23,"column":24}}]},"2":{"loc":{"start":{"line":33,"column":4},"end":{"line":36,"column":5}},"type":"if","locations":[{"start":{"line":33,"column":4},"end":{"line":36,"column":5}},{"start":{},"end":{}}]},"3":{"loc":{"start":{"line":42,"column":13},"end":{"line":42,"column":37}},"type":"binary-expr","locations":[{"start":{"line":42,"column":13},"end":{"line":42,"column":27}},{"start":{"line":42,"column":31},"end":{"line":42,"column":37}}]},"4":{"loc":{"start":{"line":59,"column":7},"end":{"line":78,"column":null}},"type":"cond-expr","locations":[{"start":{"line":60,"column":8},"end":{"line":75,"column":null}},{"start":{"line":78,"column":8},"end":{"line":78,"column":47}}]},"5":{"loc":{"start":{"line":59,"column":7},"end":{"line":59,"column":27}},"type":"binary-expr","locations":[{"start":{"line":59,"column":7},"end":{"line":59,"column":14}},{"start":{"line":59,"column":18},"end":{"line":59,"column":27}}]}},"s":{"0":1,"1":1,"2":1,"3":1,"4":0,"5":0,"6":0,"7":0,"8":0,"9":0,"10":0,"11":0,"12":0,"13":0,"14":0,"15":0,"16":0,"17":1},"f":{"0":0,"1":0,"2":0,"3":0,"4":0},"b":{"0":[0,0],"1":[0,0],"2":[0,0],"3":[0,0],"4":[0,0],"5":[0,0]}}
,"E:\\demo-taocang-helper\\src\\components\\template\\TemplateSelector.tsx": {"path":"E:\\demo-taocang-helper\\src\\components\\template\\TemplateSelector.tsx","statementMap":{"0":{"start":{"line":1,"column":0},"end":{"line":1,"column":81}},"1":{"start":{"line":2,"column":0},"end":{"line":2,"column":47}},"2":{"start":{"line":3,"column":0},"end":{"line":3,"column":43}},"3":{"start":{"line":4,"column":0},"end":{"line":4,"column":50}},"4":{"start":{"line":5,"column":0},"end":{"line":5,"column":64}},"5":{"start":{"line":6,"column":0},"end":{"line":6,"column":42}},"6":{"start":{"line":7,"column":0},"end":{"line":7,"column":67}},"7":{"start":{"line":8,"column":0},"end":{"line":8,"column":58}},"8":{"start":{"line":9,"column":0},"end":{"line":9,"column":49}},"9":{"start":{"line":17,"column":65},"end":{"line":214,"column":1}},"10":{"start":{"line":21,"column":19},"end":{"line":21,"column":32}},"11":{"start":{"line":22,"column":18},"end":{"line":22,"column":35}},"12":{"start":{"line":23,"column":25},"end":{"line":23,"column":55}},"13":{"start":{"line":25,"column":46},"end":{"line":25,"column":87}},"14":{"start":{"line":26,"column":40},"end":{"line":26,"column":52}},"15":{"start":{"line":27,"column":30},"end":{"line":27,"column":59}},"16":{"start":{"line":28,"column":48},"end":{"line":28,"column":79}},"17":{"start":{"line":29,"column":44},"end":{"line":29,"column":59}},"18":{"start":{"line":32,"column":2},"end":{"line":39,"column":13}},"19":{"start":{"line":33,"column":4},"end":{"line":38,"column":5}},"20":{"start":{"line":34,"column":20},"end":{"line":36,"column":13}},"21":{"start":{"line":35,"column":8},"end":{"line":35,"column":40}},"22":{"start":{"line":37,"column":6},"end":{"line":37,"column":39}},"23":{"start":{"line":37,"column":19},"end":{"line":37,"column":38}},"24":{"start":{"line":42,"column":28},"end":{"line":72,"column":43}},"25":{"start":{"line":43,"column":17},"end":{"line":43,"column":31}},"26":{"start":{"line":46,"column":4},"end":{"line":48,"column":5}},"27":{"start":{"line":47,"column":6},"end":{"line":47,"column":67}},"28":{"start":{"line":47,"column":36},"end":{"line":47,"column":65}},"29":{"start":{"line":51,"column":4},"end":{"
[...]
,"E:\\demo-taocang-helper\\src\\pages\\template\\TemplateListPage.tsx": {"path":"E:\\demo-taocang-helper\\src\\pages\\template\\TemplateListPage.tsx","statementMap":{"0":{"start":{"line":1,"column":0},"end":{"line":1,"column":73}},"1":{"start":{"line":2,"column":0},"end":{"line":2,"column":47}},"2":{"start":{"line":3,"column":0},"end":{"line":3,"column":51}},"3":{"start":{"line":4,"column":0},"end":{"line":4,"column":59}},"4":{"start":{"line":5,"column":0},"end":{"line":5,"column":66}},"5":{"start":{"line":6,"column":0},"end":{"line":6,"column":91}},"6":{"start":{"line":7,"column":0},"end":{"line":7,"column":49}},"7":{"start":{"line":9,"column":0},"end":{"line":9,"column":56}},"8":{"start":{"line":11,"column":35},"end":{"line":195,"column":1}},"9":{"start":{"line":12,"column":19},"end":{"line":12,"column":32}},"10":{"start":{"line":13,"column":46},"end":{"line":13,"column":87}},"11":{"start":{"line":14,"column":40},"end":{"line":14,"column":52}},"12":{"start":{"line":15,"column":30},"end":{"line":15,"column":59}},"13":{"start":{"line":16,"column":32},"end":{"line":16,"column":46}},"14":{"start":{"line":17,"column":42},"end":{"line":17,"column":66}},"15":{"start":{"line":20,"column":2},"end":{"line":26,"column":9}},"16":{"start":{"line":21,"column":18},"end":{"line":24,"column":11}},"17":{"start":{"line":22,"column":6},"end":{"line":22,"column":33}},"18":{"start":{"line":23,"column":6},"end":{"line":23,"column":24}},"19":{"start":{"line":25,"column":4},"end":{"line":25,"column":37}},"20":{"start":{"line":25,"column":17},"end":{"line":25,"column":36}},"21":{"start":{"line":29,"column":28},"end":{"line":56,"column":57}},"22":{"start":{"line":30,"column":17},"end":{"line":30,"column":34}},"23":{"start":{"line":33,"column":4},"end":{"line":35,"column":5}},"24":{"start":{"line":34,"column":6},"end":{"line":34,"column":67}},"25":{"start":{"line":34,"column":36},"end":{"line":34,"column":65}},"26":{"start":{"line":38,"column":4},"end":{"line":45,"column":5}},"27":{"start":{"line":39,"column":20},"end":{"line":39,"column":45}},"28":{"start":{"line":40,"column":6},"end":{"line":44,"column":8}},"29":{"start":{"line":42,"column":10},"end":{"line":43,"column":53}},"30":{"start":{"line":48,"column":4},"end":{"line":53,"column":7}},"31":{"start":{"line":49,"column":6},"end":{"line":51,"column":7}},"32":{"start":{"line":50,"column":8},"end":{"line":50,"column":43}},"33":{"start":{"line":52,"column":6},"end":{"line":52,"column":79}},"34":{"start":{"line":55,"column":4},"end":{"line":55,"column":18}},"35":{"start":{"line":58,"column":30},"end":{"line":62,"column":null}},"36":{"start":{"line":60,"column":6},"end":{"line":60,"column":71}},"37":{"start":{"line":65,"column":24},"end":{"line":68,"column":8}},"38":{"start":{"line":67,"column":4},"end":{"line":67,"column":50}},"39":{"start":{"line":70,"column":41},"end":{"line":70,"column":55}},"40":{"start":{"line":72,"column":31},"end":{"line":80,"column":22}},"41":{"start":{"line":73,"column":4},"end":{"line":79,"column":7}},"42":{"start":{"line":82,"column":2},"end":{"line":194,"column":4}},"43":{"start":{"line":91,"column":29},"end":{"line":91,"column":42}},"44":{"start":{"line":143,"column":14},"end":{"line":143,"column":27}},"45":{"start":{"line":158,"column":14},"end":{"line":159,"column":null}},"46":{"start":{"line":197,"column":0},"end":{"line":197,"column":32}}},"fnMap":{"0":{"name":"(anonymous_10)","decl":{"start":{"line":11,"column":35},"end":{"line":11,"column":38}},"loc":{"start":{"line":11,"column":40},"end":{"line":195,"column":1}}},"1":{"name":"(anonymous_11)","decl":{"start":{"line":20,"column":12},"end":{"line":20,"column":15}},"loc":{"start":{"line":20,"column":17},"end":{"line":26,"column":3}}},"2":{"name":"(anonymous_12)","decl":{"start":{"line":21,"column":29},"end":{"line":21,"column":32}},"loc":{"start":{"line":21,"column":34},"end":{"line":24,"column":5}}},"3":{"name":"(anonymous_13)","decl":{"start":{"line":25,"column":11},"end":{"line":25,"column":14}},"loc":{"start":{"line":25,"column":17},"end":{"line":25,"column":36}}},"4":{"name":"(anonymous_14)","decl":{"start":{"line":29,"column":36},"end":{"line":29,"column":39}},"loc":{"start":{"line":29,"column":41},"end":{"line":56,"column":3}}},"5":{"name":"(anonymous_15)","decl":{"start":{"line":34,"column":29},"end":{"line":34,"column":30}},"loc":{"start":{"line":34,"column":36},"end":{"line":34,"column":65}}},"6":{"name":"(anonymous_16)","decl":{"start":{"line":41,"column":8},"end":{"line":41,"column":9}},"loc":{"start":{"line":42,"column":10},"end":{"line":43,"column":53}}},"7":{"name":"(anonymous_17)","decl":{"start":{"line":48,"column":16},"end":{"line":48,"column":17}},"loc":{"start":{"line":48,"column":25},"end":{"line":53,"column":5}}},"8":{"name":"(anonymous_18)","decl":{"start":{"line":59,"column":4},"end":{"line":59,"column":5}},"loc":{"start":{"line":59,"column":27},"end":{"line":61,"column":5}}},"9":{"name":"(anonymous_19)","decl":{"start":{"line":65,"column":36},"end":{"line":65,"column":37}},"loc":{"start":{"line":65,"column":59},"end":{"line":68,"column":3}}},"10":{"name":"(anonymous_20)","decl":{"start":{"line":72,"column":43},"end":{"line":72,"column":44}},"loc":{"start":{"line":72,"column":66},"end":{"line":80,"column":3}}},"11":{"name":"(anonymous_21)","decl":{"start":{"line":91,"column":23},"end":{"line":91,"column":26}},"loc":{"start":{"line":91,"column":29},"end":{"line":91,"column":42}}},"12":{"name":"(anonymous_22)","decl":{"start":{"line":142,"column":43},"end":{"line":142,"column":44}},"loc":{"start":{"line":143,"column":14},"end":{"line":143,"column":27}}},"13":{"name":"(anonymous_23)","decl":{"start":{"line":157,"column":35},"end":{"line":157,"column":36}},"loc":{"start":{"line":158,"column":14},"end":{"line":159,"column":null}}}},"branchMap":{"0":{"loc":{"start":{"line":33,"column":4},"end":{"line":35,"column":5}},"type":"if","locations":[{"start":{"line":33,"column":4},"end":{"line":35,"column":5}},{"start":{},"end":{}}]},"1":{"loc":{"start":{"line":38,"column":4},"end":{"line":45,"column":5}},"type":"if","locations":[{"start":{"line":38,"column":4},"end":{"line":45,"column":5}},{"start":{},"end":{}}]},"2":{"loc":{"start":{"line":42,"column":10},"end":{"line":43,"column":53}},"type":"binary-expr","locations":[{"start":{"line":42,"column":10},"end":{"line":42,"column":46}},{"start":{"line":43,"column":10},"end":{"line":43,"column":53}}]},"3":{"loc":{"start":{"line":49,"column":6},"end":{"line":51,"column":7}},"type":"if","locations":[{"start":{"line":49,"column":6},"end":{"line":51,"column":7}},{"start":{},"end":{}}]},"4":{"loc":{"start":{"line":140,"column":9},"end":{"line":190,"column":null}},"type":"cond-expr","locations":[{"start":{"line":141,"column":10},"end":{"line":153,"column":null}},{"start":{"line":155,"column":12},"end":{"line":190,"column":null}}]},"5":{"loc":{"start":{"line":155,"column":12},"end":{"line":190,"column":null}},"type":"cond-expr","locations":[{"start":{"line":156,"column":10},"end":{"line":165,"column":null}},{"start":{"line":168,"column":10},"end":{"line":189,"column":null}}]}},"s":{"0":0,"1":0,"2":0,"3":0,"4":0,"5":0,"6":0,"7":0,"8":0,"9":0,"10":0,"11":0,"12":0,"13":0,"14":0,"15":0,"16":0,"17":0,"18":0,"19":0,"20":0,"21":0,"22":0,"23":0,"24":0,"25":0,"26":0,"27":0,"28":0,"29":0,"30":0,"31":0,"32":0,"33":0,"34":0,"35":0,"36":0,"37":0,"38":0,"39":0,"40":0,"41":0,"42":0,"43":0,"44":0,"45":0,"46":0},"f":{"0":0,"1":0,"2":0,"3":0,"4":0,"5":0,"6":0,"7":0,"8":0,"9":0,"10":0,"11":0,"12":0,"13":0},"b":{"0":[0,0],"1":[0,0],"2":[0,0],"3":[0,0],"4":[0,0],"5":[0,0]}}
,"E:\\demo-taocang-helper\\src\\types\\policy.types.ts": {"path":"E:\\demo-taocang-helper\\src\\types\\policy.types.ts","statementMap":{"0":{"start":{"line":8,"column":0},"end":{"line":8,"column":null}},"1":{"start":{"line":10,"column":2},"end":{"line":10,"column":null}},"2":{"start":{"line":12,"column":2},"end":{"line":12,"column":null}},"3":{"start":{"line":14,"column":2},"end":{"line":14,"column":null}},"4":{"start":{"line":18,"column":0},"end":{"line":18,"column":null}},"5":{"start":{"line":20,"column":2},"end":{"line":20,"column":null}},"6":{"start":{"line":22,"column":2},"end":{"line":22,"column":null}},"7":{"start":{"line":24,"column":2},"end":{"line":24,"column":null}},"8":{"start":{"line":28,"column":0},"end":{"line":28,"column":null}},"9":{"start":{"line":30,"column":2},"end":{"line":30,"column":null}},"10":{"start":{"line":32,"column":2},"end":{"line":32,"column":null}},"11":{"start":{"line":34,"column":2},"end":{"line":34,"column":null}}},"fnMap":{"0":{"name":"(anonymous_0)","decl":{"start":{"line":8,"column":0},"end":{"line":8,"column":12}},"loc":{"start":{"line":8,"column":26},"end":{"line":15,"column":1}}},"1":{"name":"(anonymous_1)","decl":{"start":{"line":18,"column":0},"end":{"line":18,"column":12}},"loc":{"start":{"line":18,"column":23},"end":{"line":25,"column":1}}},"2":{"name":"(anonymous_2)","decl":{"start":{"line":28,"column":0},"end":{"line":28,"column":12}},"loc":{"start":{"line":28,"column":23},"end":{"line":35,"column":1}}}},"branchMap":{"0":{"loc":{"start":{"line":8,"column":12},"end":{"line":8,"column":null}},"type":"binary-expr","locations":[{"start":{"line":8,"column":12},"end":{"line":8,"column":26}},{"start":{"line":8,"column":26},"end":{"line":8,"column":null}}]},"1":{"loc":{"start":{"line":18,"column":12},"end":{"line":18,"column":null}},"type":"binary-expr","locations":[{"start":{"line":18,"column":12},"end":{"line":18,"column":23}},{"start":{"line":18,"column":23},"end":{"line":18,"column":null}}]},"2":{"loc":{"start":{"line":28,"column":12},"end":{"line":28,"column":null}},"type":"binary-expr","locations":[{"start":{"line":28,"column":12},"end":{"line":28,"column":23}},{"start":{"line":28,"column":23},"end":{"line":28,"column":null}}]}},"s":{"0":3,"1":3,"2":3,"3":3,"4":3,"5":3,"6":3,"7":3,"8":3,"9":3,"10":3,"11":3},"f":{"0":3,"1":3,"2":3},"b":{"0":[3,3],"1":[3,3],"2":[3,3]}}
,"E:\\demo-taocang-helper\\src\\types\\template.types.ts": {"path":"E:\\demo-taocang-helper\\src\\types\\template.types.ts","statementMap":{"0":{"start":{"line":7,"column":0},"end":{"line":7,"column":null}},"1":{"start":{"line":9,"column":2},"end":{"line":9,"column":null}},"2":{"start":{"line":11,"column":2},"end":{"line":11,"column":null}},"3":{"start":{"line":13,"column":2},"end":{"line":13,"column":null}},"4":{"start":{"line":15,"column":2},"end":{"line":15,"column":null}}},"fnMap":{"0":{"name":"(anonymous_0)","decl":{"start":{"line":7,"column":0},"end":{"line":7,"column":12}},"loc":{"start":{"line":7,"column":28},"end":{"line":16,"column":1}}}},"branchMap":{"0":{"loc":{"start":{"line":7,"column":12},"end":{"line":7,"column":null}},"type":"binary-expr","locations":[{"start":{"line":7,"column":12},"end":{"line":7,"column":28}},{"start":{"line":7,"column":28},"end":{"line":7,"column":null}}]}},"s":{"0":5,"1":5,"2":5,"3":5,"4":5},"f":{"0":5},"b":{"0":[5,5]}}
,"E:\\demo-taocang-helper\\src\\utils\\wechatDetector.ts": {"path":"E:\\demo-taocang-helper\\src\\utils\\wechatDetector.ts","statementMap":{"0":{"start":{"line":10,"column":0},"end":{"line":10,"column":16}},"1":{"start":{"line":19,"column":0},"end":{"line":19,"column":16}},"2":{"start":{"line":29,"column":0},"end":{"line":29,"column":16}},"3":{"start":{"line":82,"column":0},"end":{"line":82,"column":16}},"4":{"start":{"line":101,"column":0},"end":{"line":101,"column":16}},"5":{"start":{"line":11,"column":13},"end":{"line":11,"column":46}},"6":{"start":{"line":12,"column":2},"end":{"line":12,"column":39}},"7":{"start":{"line":20,"column":13},"end":{"line":20,"column":46}},"8":{"start":{"line":21,"column":16},"end":{"line":21,"column":52}},"9":{"start":{"line":22,"column":2},"end":{"line":22,"column":33}},"10":{"start":{"line":30,"column":2},"end":{"line":33,"column":3}},"11":{"start":{"line":31,"column":4},"end":{"line":31,"column":58}},"12":{"start":{"line":32,"column":4},"end":{"line":32,"column":11}},"13":{"start":{"line":35,"column":18},"end":{"line":35,"column":36}},"14":{"start":{"line":36,"column":2},"end":{"line":36,"column":79}},"15":{"start":{"line":39,"column":2},"end":{"line":39,"column":48}},"16":{"start":{"line":46,"column":2},"end":{"line":46,"column":23}},"17":{"start":{"line":49,"column":2},"end":{"line":49,"column":63}},"18":{"start":{"line":51,"column":2},"end":{"line":51,"column":72}},"19":{"start":{"line":59,"column":21},"end":{"line":59,"column":68}},"20":{"start":{"line":61,"column":2},"end":{"line":65,"column":3}},"21":{"start":{"line":62,"column":4},"end":{"line":62,"column":50}},"22":{"start":{"line":63,"column":4},"end":{"line":63,"column":50}},"23":{"start":{"line":64,"column":4},"end":{"line":64,"column":44}},"24":{"start":{"line":67,"column":18},"end":{"line":67,"column":60}},"25":{"start":{"line":68,"column":24},"end":{"line":68,"column":67}},"26":{"start":{"line":70,"column":2},"end":{"line":75,"column":5}},"27":{"start":{"line":71,"column":4},"end":{"line":74,"column":5}},"28":{"start":{"line":72,"column":25},"end":{"line":72,"column":63}},"29":{"start":{"line":73,"column":6},"end":{"line":73,"column":55}},"30":{"start":{"line":83,"column":13},"end":{"line":83,"column":46}},"31":{"start":{"line":85,"column":2},"end":{"line":87,"column":3}},"32":{"start":{"line":86,"column":4},"end":{"line":86,"column":17}},"33":{"start":{"line":89,"column":2},"end":{"line":91,"column":3}},"34":{"start":{"line":90,"column":4},"end":{"line":90,"column":21}},"35":{"start":{"line":93,"column":2},"end":{"line":93,"column":19}},"36":{"start":{"line":102,"column":25},"end":{"line":102,"column":43}},"37":{"start":{"line":104,"column":2},"end":{"line":106,"column":3}},"38":{"start":{"line":105,"column":4},"end":{"line":105,"column":17}},"39":{"start":{"line":108,"column":23},"end":{"line":108,"column":60}},"40":{"start":{"line":109,"column":22},"end":{"line":109,"column":58}},"41":{"start":{"line":111,"column":2},"end":{"line":117,"column":3}},"42":{"start":{"line":111,"column":15},"end":{"line":111,"column":16}},"43":{"start":{"line":112,"column":20},"end":{"line":112,"column":40}},"44":{"start":{"line":113,"column":19},"end":{"line":113,"column":38}},"45":{"start":{"line":115,"column":4},"end":{"line":115,"column":38}},"46":{"start":{"line":115,"column":26},"end":{"line":115,"column":38}},"47":{"start":{"line":116,"column":4},"end":{"line":116,"column":39}},"48":{"start":{"line":116,"column":26},"end":{"line":116,"column":39}},"49":{"start":{"line":119,"column":2},"end":{"line":119,"column":14}}},"fnMap":{"0":{"name":"isWechatBrowser","decl":{"start":{"line":10,"column":16},"end":{"line":10,"column":31}},"loc":{"start":{"line":10,"column":31},"end":{"line":13,"column":1}}},"1":{"name":"getWechatVersion","decl":{"start":{"line":19,"column":16},"end":{"line":19,"column":32}},"loc":{"start":{"line":19,"column":32},"end":{"line":23,"column":1}}},"2":{"name":"handleWechatCompatibility","decl":{"start":{"line":29,"column":16},"end":{"line":29,"column":41}},"loc":{"start":{"line":29,"column":41},"end":{"line":52,"column":1}}},"3":{"name":"ensureViewportMeta","decl":{"start":{"line":58,"column":9},"end":{"line":58,"column":27}},"loc":{"start":{"line":58,"column":27},"end":{"line":76,"column":1}}},"4":{"name":"(anonymous_4)","decl":{"start":{"line":70,"column":24},"end":{"line":70,"column":25}},"loc":{"start":{"line":70,"column":33},"end":{"line":75,"column":3}}},"5":{"name":"getWechatOS","decl":{"start":{"line":82,"column":16},"end":{"line":82,"column":27}},"loc":{"start":{"line":82,"column":27},"end":{"line":94,"column":1}}},"6":{"name":"isWechatVersionAtLeast","decl":{"start":{"line":101,"column":16},"end":{"line":101,"column":38}},"loc":{"start":{"line":101,"column":60},"end":{"line":120,"column":1}}}},"branchMap":{"0":{"loc":{"start":{"line":22,"column":9},"end":{"line":22,"column":32}},"type":"cond-expr","locations":[{"start":{"line":22,"column":17},"end":{"line":22,"column":25}},{"start":{"line":22,"column":28},"end":{"line":22,"column":32}}]},"1":{"loc":{"start":{"line":30,"column":2},"end":{"line":33,"column":3}},"type":"if","locations":[{"start":{"line":30,"column":2},"end":{"line":33,"column":3}},{"start":{},"end":{}}]},"2":{"loc":{"start":{"line":61,"column":2},"end":{"line":65,"column":3}},"type":"if","locations":[{"start":{"line":61,"column":2},"end":{"line":65,"column":3}},{"start":{},"end":{}}]},"3":{"loc":{"start":{"line":67,"column":18},"end":{"line":67,"column":60}},"type":"binary-expr","locations":[{"start":{"line":67,"column":18},"end":{"line":67,"column":54}},{"start":{"line":67,"column":58},"end":{"line":67,"column":60}}]},"4":{"loc":{"start":{"line":71,"column":4},"end":{"line":74,"column":5}},"type":"if","locations":[{"start":{"line":71,"column":4},"end":{"line":74,"column":5}},{"start":{},"end":{}}]},"5":{"loc":{"start":{"line":72,"column":25},"end":{"line":72,"column":63}},"type":"cond-expr","locations":[{"start":{"line":72,"column":35},"end":{"line":72,"column":56}},{"start":{"line":72,"column":59},"end":{"line":72,"column":63}}]},"6":{"loc":{"start":{"line":85,"column":2},"end":{"line":87,"column":3}},"type":"if","locations":[{"start":{"line":85,"column":2},"end":{"line":87,"column":3}},{"start":{},"end":{}}]},"7":{"loc":{"start":{"line":85,"column":6},"end":{"line":85,"column":73}},"type":"binary-expr","locations":[{"start":{"line":85,"column":6},"end":{"line":85,"column":27}},{"start":{"line":85,"column":31},"end":{"line":85,"column":50}},{"start":{"line":85,"column":54},"end":{"line":85,"column":73}}]},"8":{"loc":{"start":{"line":89,"column":2},"end":{"line":91,"column":3}},"type":"if","locations":[{"start":{"line":89,"column":2},"end":{"line":91,"column":3}},{"start":{},"end":{}}]},"9":{"loc":{"start":{"line":104,"column":2},"end":{"line":106,"column":3}},"type":"if","locations":[{"start":{"line":104,"column":2},"end":{"line":106,"column":3}},{"start":{},"end":{}}]},"10":{"loc":{"start":{"line":112,"column":20},"end":{"line":112,"column":40}},"type":"binary-expr","locations":[{"start":{"line":112,"column":20},"end":{"line":112,"column":35}},{"start":{"line":112,"column":39},"end":{"line":112,"column":40}}]},"11":{"loc":{"start":{"line":113,"column":19},"end":{"line":113,"column":38}},"type":"binary-expr","locations":[{"start":{"line":113,"column":19},"end":{"line":113,"column":33}},{"start":{"line":113,"column":37},"end":{"line":113,"column":38}}]},"12":{"loc":{"start":{"line":115,"column":4},"end":{"line":115,"column":38}},"type":"if","locations":[{"start":{"line":115,"column":4},"end":{"line":115,"column":38}},{"start":{},"end":{}}]},"13":{"loc":{"start":{"line":116,"column":4},"end":{"line":116,"column":39}},"type":"if","locations":[{"start":{"line":116,"column":4},"end":{"line":116,"column":39}},{"start":{},"end":{}}]}},"s":{"0":1,"1":1,"2":1,"3":1,"4":1,"5":6,"6":6,"7":8,"8":8,"9":8,"10":2,"11":1,"12":1,"13":1,"14":1,"15":1,"16":1,"17":1,"18":1,"19":1,"20":1,"21":1,"22":1,"23":1,"24":1,"25":1,"26":1,"27":2,"28":2,"29":2,"30":3,"31":3,"32":1,"33":2,"34":1,"35":1,"36":4,"37":4,"38":1,"39":3,"40":3,"41":3,"42":3,"43":5,"44":5,"45":5,"46":1,"47":4,"48":1,"49":1},"f":{"0":6,"1":8,"2":2,"3":1,"4":2,"5":3,"6":4},"b":{"0":[6,2],"1":[1,1],"2":[1,0],"3":[1,1],"4":[2,0],"5":[0,2],"6":[1,2],"7":[3,2,2],"8":[1,1],"9":[1,3],"10":[5,2],"11":[5,2],"12":[1,4],"13":[1,3]}}
}
