TN:
SF:src\App.tsx
FN:6,(anonymous_10)
FN:6,(anonymous_11)
FN:8,(anonymous_12)
FN:8,(anonymous_13)
FN:9,(anonymous_14)
FN:9,(anonymous_15)
FN:10,(anonymous_16)
FN:10,(anonymous_17)
FN:11,(anonymous_18)
FN:11,(anonymous_19)
FN:12,(anonymous_20)
FN:12,(anonymous_21)
FN:13,(anonymous_22)
FN:13,(anonymous_23)
FN:14,(anonymous_24)
FN:14,(anonymous_25)
FN:15,(anonymous_26)
FN:15,(anonymous_27)
FN:18,(anonymous_28)
FN:28,App
FN:50,(anonymous_30)
FNF:21
FNH:0
FNDA:0,(anonymous_10)
FNDA:0,(anonymous_11)
FNDA:0,(anonymous_12)
FNDA:0,(anonymous_13)
FNDA:0,(anonymous_14)
FNDA:0,(anonymous_15)
FNDA:0,(anonymous_16)
FNDA:0,(anonymous_17)
FNDA:0,(anonymous_18)
FNDA:0,(anonymous_19)
FNDA:0,(anonymous_20)
FNDA:0,(anonymous_21)
FNDA:0,(anonymous_22)
FNDA:0,(anonymous_23)
FNDA:0,(anonymous_24)
FNDA:0,(anonymous_25)
FNDA:0,(anonymous_26)
FNDA:0,(anonymous_27)
FNDA:0,(anonymous_28)
FNDA:0,App
FNDA:0,(anonymous_30)
DA:1,0
DA:2,0
DA:3,0
DA:6,0
DA:8,0
DA:9,0
DA:10,0
DA:11,0
DA:12,0
DA:13,0
DA:14,0
DA:15,0
DA:18,0
DA:19,0
DA:29,0
DA:50,0
DA:51,0
DA:65,0
LF:18
LH:0
BRF:0
BRH:0
end_of_record
TN:
SF:src\main.tsx
FNF:0
FNH:0
DA:1,0
DA:2,0
DA:3,0
DA:4,0
DA:5,0
DA:6,0
DA:7,0
DA:10,0
DA:12,0
DA:13,0
DA:14,0
DA:17,0
LF:12
LH:0
BRDA:13,0,0,0
BRDA:13,0,1,0
BRF:2
BRH:0
end_of_record
TN:
SF:src\components\common\Button\Button.tsx
FN:23,(anonymous_9)
FNF:1
FNH:1
FNDA:98,(anonymous_9)
DA:1,9
DA:2,9
DA:5,9
DA:16,9
DA:22,9
DA:36,98
DA:39,98
DA:41,98
DA:45,98
DA:53,98
DA:71,9
DA:73,9
LF:12
LH:12
BRDA:25,0,0,9
BRDA:26,1,0,10
BRDA:27,2,0,96
BRDA:28,3,0,96
BRDA:30,4,0,98
BRDA:36,5,0,98
BRDA:36,5,1,96
BRDA:41,6,0,4
BRDA:41,6,1,94
BRDA:62,7,0,98
BRDA:62,7,1,2
BRF:11
BRH:11
end_of_record
TN:
SF:src\components\common\Card\Card.tsx
FN:4,(anonymous_1)
FN:32,(anonymous_2)
FN:38,(anonymous_3)
FNF:3
FNH:3
FNDA:39,(anonymous_1)
FNDA:5,(anonymous_2)
FNDA:1,(anonymous_3)
DA:1,9
DA:4,9
DA:15,39
DA:17,39
DA:23,39
DA:25,39
DA:32,39
DA:33,5
DA:34,3
DA:38,39
DA:39,1
DA:40,1
DA:41,1
DA:45,39
DA:70,9
LF:15
LH:15
BRDA:5,0,0,19
BRDA:10,1,0,20
BRDA:11,2,0,39
BRDA:23,3,0,39
BRDA:23,3,1,39
BRDA:28,4,0,22
BRDA:28,4,1,17
BRDA:33,5,0,3
BRDA:33,5,1,2
BRDA:33,6,0,5
BRDA:33,6,1,3
BRDA:39,7,0,1
BRDA:39,7,1,0
BRDA:39,8,0,1
BRDA:39,8,1,1
BRDA:39,8,2,0
BRDA:50,9,0,22
BRDA:50,9,1,17
BRDA:51,10,0,22
BRDA:51,10,1,17
BRDA:52,11,0,22
BRDA:52,11,1,17
BRDA:55,12,0,39
BRDA:55,12,1,1
BRDA:61,13,0,39
BRDA:61,13,1,1
BRF:26
BRH:24
end_of_record
TN:
SF:src\components\common\ErrorBoundary\ErrorBoundary.tsx
FN:19,(anonymous_9)
FN:51,(anonymous_10)
FN:56,(anonymous_11)
FN:28,(anonymous_12)
FN:37,(anonymous_13)
FN:62,(anonymous_14)
FNF:6
FNH:4
FNDA:8,(anonymous_9)
FNDA:0,(anonymous_10)
FNDA:0,(anonymous_11)
FNDA:6,(anonymous_12)
FNDA:3,(anonymous_13)
FNDA:16,(anonymous_14)
DA:1,9
DA:20,8
DA:21,7
DA:30,6
DA:39,3
DA:40,3
DA:42,3
DA:51,7
DA:53,0
DA:56,7
DA:58,0
DA:59,0
DA:63,16
DA:64,16
DA:66,16
DA:68,9
DA:69,0
DA:73,9
DA:166,7
DA:170,9
LF:20
LH:16
BRDA:66,0,0,9
BRDA:66,0,1,7
BRDA:68,1,0,0
BRDA:68,1,1,9
BRDA:105,2,0,9
BRDA:105,2,1,0
BRDA:105,2,2,0
BRDA:111,3,0,0
BRDA:111,3,1,0
BRF:9
BRH:4
end_of_record
TN:
SF:src\components\common\Input\Input.tsx
FN:14,(anonymous_9)
FN:34,(anonymous_10)
FN:60,(anonymous_11)
FN:86,(anonymous_12)
FNF:4
FNH:4
FNDA:46,(anonymous_9)
FNDA:2,(anonymous_10)
FNDA:46,(anonymous_11)
FNDA:14,(anonymous_12)
DA:1,9
DA:4,9
DA:10,9
DA:31,46
DA:33,46
DA:35,2
DA:36,2
DA:42,46
DA:44,46
DA:48,46
DA:52,46
DA:60,46
DA:61,46
DA:62,1
DA:75,45
DA:76,7
DA:87,14
DA:95,38
DA:109,46
DA:135,9
DA:137,9
LF:21
LH:21
BRDA:16,0,0,14
BRDA:20,1,0,21
BRDA:21,2,0,46
BRDA:22,3,0,46
BRDA:24,4,0,33
BRDA:44,5,0,2
BRDA:44,5,1,44
BRDA:48,6,0,1
BRDA:48,6,1,45
BRDA:61,7,0,1
BRDA:61,7,1,45
BRDA:75,8,0,7
BRDA:75,8,1,38
BRDA:75,9,0,45
BRDA:75,9,1,7
BRDA:111,10,0,46
BRDA:111,10,1,25
BRDA:114,11,0,25
BRDA:114,11,1,19
BRDA:114,11,2,19
BRDA:122,12,0,46
BRDA:122,12,1,2
BRDA:122,12,2,1
BRDA:127,13,0,46
BRDA:127,13,1,1
BRDA:127,13,2,1
BRF:26
BRH:26
end_of_record
TN:
SF:src\components\common\Modal\Modal.tsx
FN:12,(anonymous_9)
FN:25,(anonymous_10)
FN:34,(anonymous_11)
FN:42,(anonymous_12)
FN:47,(anonymous_13)
FN:73,(anonymous_14)
FNF:6
FNH:5
FNDA:8,(anonymous_9)
FNDA:2,(anonymous_10)
FNDA:0,(anonymous_11)
FNDA:8,(anonymous_12)
FNDA:8,(anonymous_13)
FNDA:1,(anonymous_14)
DA:1,9
DA:2,9
DA:5,9
DA:12,9
DA:24,8
DA:26,2
DA:27,1
DA:33,8
DA:35,0
DA:36,0
DA:42,8
DA:43,8
DA:44,7
DA:45,7
DA:47,8
DA:48,8
DA:49,8
DA:53,8
DA:55,7
DA:61,7
DA:73,1
DA:107,9
LF:22
LH:20
BRDA:17,0,0,8
BRDA:18,1,0,8
BRDA:19,2,0,7
BRDA:20,3,0,8
BRDA:22,4,0,8
BRDA:26,5,0,1
BRDA:26,5,1,1
BRDA:26,6,0,2
BRDA:26,6,1,1
BRDA:35,7,0,0
BRDA:35,7,1,0
BRDA:35,8,0,0
BRDA:35,8,1,0
BRDA:43,9,0,7
BRDA:43,9,1,1
BRDA:53,10,0,1
BRDA:53,10,1,7
BRDA:72,11,0,2
BRDA:72,11,1,5
BRDA:75,12,0,7
BRDA:75,12,1,2
BRDA:83,13,0,2
BRDA:83,13,1,2
BRDA:97,14,0,7
BRDA:97,14,1,1
BRF:25
BRH:21
end_of_record
TN:
SF:src\components\common\Skeleton\Skeleton.tsx
FN:4,(anonymous_1)
FNF:1
FNH:1
FNDA:5,(anonymous_1)
DA:1,9
DA:4,9
DA:11,5
DA:13,5
DA:19,5
DA:20,5
DA:21,3
DA:23,5
DA:24,3
DA:27,5
DA:29,5
DA:39,9
LF:12
LH:12
BRDA:5,0,0,2
BRDA:8,1,0,5
BRDA:20,2,0,3
BRDA:20,2,1,2
BRDA:21,3,0,3
BRDA:21,3,1,0
BRDA:23,4,0,3
BRDA:23,4,1,2
BRDA:24,5,0,3
BRDA:24,5,1,0
BRF:10
BRH:8
end_of_record
TN:
SF:src\components\common\Toast\Toast.tsx
FN:41,(anonymous_9)
FN:46,(anonymous_10)
FN:50,(anonymous_11)
FN:53,(anonymous_12)
FN:83,(anonymous_13)
FN:88,(anonymous_14)
FNF:6
FNH:6
FNDA:8,(anonymous_9)
FNDA:2,(anonymous_10)
FNDA:8,(anonymous_11)
FNDA:6,(anonymous_12)
FNDA:9,(anonymous_13)
FNDA:8,(anonymous_14)
DA:1,9
DA:2,9
DA:8,9
DA:31,9
DA:41,9
DA:42,8
DA:43,8
DA:44,8
DA:46,8
DA:47,2
DA:50,8
DA:51,8
DA:52,6
DA:53,6
DA:56,8
DA:83,9
DA:84,9
DA:86,6
DA:89,8
DA:97,9
LF:20
LH:20
BRDA:44,0,0,8
BRDA:44,0,1,8
BRDA:51,1,0,2
BRDA:51,1,1,6
BRDA:66,2,0,8
BRDA:66,2,1,0
BRDA:84,3,0,3
BRDA:84,3,1,6
BRF:8
BRH:7
end_of_record
TN:
SF:src\components\common\Toast\ToastProvider.tsx
FN:9,(anonymous_10)
FN:17,(anonymous_11)
FN:23,(anonymous_12)
FN:32,(anonymous_13)
FN:35,(anonymous_14)
FN:36,(anonymous_15)
FN:36,(anonymous_16)
FNF:7
FNH:2
FNDA:2,(anonymous_10)
FNDA:2,(anonymous_11)
FNDA:0,(anonymous_12)
FNDA:0,(anonymous_13)
FNDA:0,(anonymous_14)
FNDA:0,(anonymous_15)
FNDA:0,(anonymous_16)
DA:1,8
DA:2,8
DA:5,8
DA:9,8
DA:10,2
DA:11,2
DA:12,0
DA:14,2
DA:17,8
DA:20,2
DA:21,2
DA:23,2
DA:24,0
DA:25,0
DA:32,0
DA:35,2
DA:36,0
DA:39,2
DA:47,8
LF:19
LH:14
BRDA:11,0,0,0
BRDA:11,0,1,2
BRDA:27,1,0,0
BRDA:27,1,1,0
BRF:4
BRH:1
end_of_record
TN:
SF:src\components\common\Toast\useToast.ts
FN:5,(anonymous_0)
FN:9,(anonymous_1)
FN:16,(anonymous_2)
FN:23,(anonymous_3)
FN:30,(anonymous_4)
FNF:5
FNH:0
FNDA:0,(anonymous_0)
FNDA:0,(anonymous_1)
FNDA:0,(anonymous_2)
FNDA:0,(anonymous_3)
FNDA:0,(anonymous_4)
DA:1,8
DA:2,8
DA:5,8
DA:6,0
DA:8,0
DA:10,0
DA:15,0
DA:17,0
DA:22,0
DA:24,0
DA:29,0
DA:31,0
DA:36,0
DA:39,8
LF:14
LH:4
BRF:0
BRH:0
end_of_record
TN:
SF:src\components\favorites\FavoriteItemCard.tsx
FN:27,(anonymous_1)
FN:94,(anonymous_2)
FN:102,(anonymous_3)
FNF:3
FNH:3
FNDA:5,(anonymous_1)
FNDA:1,(anonymous_2)
FNDA:1,(anonymous_3)
DA:1,1
DA:2,1
DA:3,1
DA:12,1
DA:27,1
DA:32,5
DA:33,5
DA:35,5
DA:94,1
DA:102,1
DA:112,1
LF:11
LH:11
BRDA:59,0,0,5
BRDA:59,0,1,4
BRDA:76,1,0,5
BRDA:76,1,1,4
BRF:4
BRH:4
end_of_record
TN:
SF:src\components\policy\PolicyCard.tsx
FN:41,(anonymous_1)
FN:50,(anonymous_2)
FN:63,(anonymous_3)
FN:69,(anonymous_4)
FN:77,(anonymous_5)
FN:105,(anonymous_6)
FNF:6
FNH:6
FNDA:6,(anonymous_1)
FNDA:3,(anonymous_2)
FNDA:6,(anonymous_3)
FNDA:2,(anonymous_4)
FNDA:1,(anonymous_5)
FNDA:6,(anonymous_6)
DA:1,1
DA:2,1
DA:3,1
DA:14,1
DA:20,1
DA:26,1
DA:32,1
DA:41,1
DA:45,6
DA:47,1
DA:48,1
DA:51,3
DA:63,1
DA:69,6
DA:70,2
DA:71,2
DA:74,6
DA:77,1
DA:106,6
DA:175,1
LF:20
LH:20
BRDA:45,0,0,5
BRDA:45,0,1,1
BRDA:51,1,0,1
BRDA:51,1,1,2
BRDA:67,2,0,5
BRDA:86,3,0,1
BRDA:86,3,1,5
BRDA:91,4,0,1
BRDA:91,4,1,5
BRDA:103,5,0,6
BRDA:103,5,1,0
BRDA:110,6,0,6
BRDA:110,6,1,0
BRDA:110,7,0,0
BRDA:110,7,1,0
BRDA:116,8,0,6
BRDA:116,8,1,0
BRF:17
BRH:12
end_of_record
TN:
SF:src\components\policy\PolicyFilter.tsx
FN:47,(anonymous_9)
FN:55,(anonymous_10)
FN:59,(anonymous_11)
FN:67,(anonymous_12)
FN:98,(anonymous_13)
FN:103,(anonymous_14)
FN:112,(anonymous_15)
FN:117,(anonymous_16)
FN:126,(anonymous_17)
FN:131,(anonymous_18)
FN:140,(anonymous_19)
FN:145,(anonymous_20)
FN:156,(anonymous_21)
FNF:13
FNH:11
FNDA:7,(anonymous_9)
FNDA:1,(anonymous_10)
FNDA:1,(anonymous_11)
FNDA:2,(anonymous_12)
FNDA:1,(anonymous_13)
FNDA:28,(anonymous_14)
FNDA:1,(anonymous_15)
FNDA:28,(anonymous_16)
FNDA:0,(anonymous_17)
FNDA:28,(anonymous_18)
FNDA:0,(anonymous_19)
FNDA:28,(anonymous_20)
FNDA:1,(anonymous_21)
DA:1,1
DA:2,1
DA:3,1
DA:4,1
DA:19,1
DA:26,1
DA:33,1
DA:40,1
DA:47,1
DA:51,7
DA:52,7
DA:54,7
DA:56,1
DA:57,1
DA:58,1
DA:59,1
DA:60,1
DA:66,7
DA:68,2
DA:73,7
DA:98,1
DA:104,28
DA:112,1
DA:118,28
DA:126,0
DA:132,28
DA:140,0
DA:146,28
DA:157,1
DA:158,1
DA:174,1
LF:31
LH:29
BRDA:58,0,0,0
BRDA:58,0,1,1
BRF:2
BRH:1
end_of_record
TN:
SF:src\components\policy\PolicyViewer.tsx
FN:45,(anonymous_9)
FN:53,(anonymous_10)
FN:60,(anonymous_11)
FN:69,(anonymous_12)
FN:94,(anonymous_13)
FN:107,(anonymous_14)
FN:172,(anonymous_15)
FN:188,(anonymous_16)
FN:208,(anonymous_17)
FN:252,(anonymous_18)
FNF:10
FNH:8
FNDA:7,(anonymous_9)
FNDA:7,(anonymous_10)
FNDA:0,(anonymous_11)
FNDA:6,(anonymous_12)
FNDA:1,(anonymous_13)
FNDA:1,(anonymous_14)
FNDA:0,(anonymous_15)
FNDA:1,(anonymous_16)
FNDA:42,(anonymous_17)
FNDA:2,(anonymous_18)
DA:1,1
DA:2,1
DA:11,1
DA:21,1
DA:27,1
DA:33,1
DA:39,1
DA:45,1
DA:50,7
DA:53,7
DA:54,7
DA:55,7
DA:56,0
DA:60,7
DA:61,0
DA:69,7
DA:70,6
DA:73,7
DA:94,1
DA:107,1
DA:172,0
DA:188,1
DA:211,42
DA:214,42
DA:215,0
DA:229,42
DA:230,18
DA:233,24
DA:253,2
DA:277,1
LF:30
LH:26
BRDA:54,0,0,0
BRDA:54,0,1,7
BRDA:55,1,0,7
BRDA:55,1,1,0
BRDA:92,2,0,1
BRDA:92,2,1,6
BRDA:95,3,0,1
BRDA:95,3,1,6
BRDA:99,4,0,1
BRDA:99,4,1,6
BRDA:102,5,0,1
BRDA:102,5,1,6
BRDA:122,6,0,7
BRDA:122,6,1,0
BRDA:130,7,0,7
BRDA:130,7,1,0
BRDA:168,8,0,6
BRDA:168,8,1,1
BRDA:178,9,0,7
BRDA:178,9,1,6
BRDA:184,10,0,1
BRDA:184,10,1,6
BRDA:197,11,0,7
BRDA:197,11,1,1
BRDA:205,12,0,6
BRDA:205,12,1,1
BRDA:211,13,0,42
BRDA:211,13,1,42
BRDA:214,14,0,0
BRDA:214,14,1,42
BRDA:229,15,0,18
BRDA:229,15,1,24
BRF:32
BRH:27
end_of_record
TN:
SF:src\components\template\TemplateCard.tsx
FN:20,(anonymous_1)
FN:26,(anonymous_2)
FN:31,(anonymous_3)
FN:39,(anonymous_4)
FNF:4
FNH:4
FNDA:5,(anonymous_1)
FNDA:1,(anonymous_2)
FNDA:1,(anonymous_3)
FNDA:1,(anonymous_4)
DA:1,2
DA:2,2
DA:3,2
DA:13,2
DA:20,2
DA:26,5
DA:27,1
DA:28,1
DA:31,5
DA:32,1
DA:33,1
DA:36,5
DA:39,1
DA:120,2
LF:14
LH:14
BRDA:48,0,0,1
BRDA:48,0,1,4
BRDA:53,1,0,1
BRDA:53,1,1,4
BRDA:65,2,0,5
BRDA:65,2,1,0
BRF:6
BRH:5
end_of_record
TN:
SF:src\components\template\TemplateFilter.tsx
FN:25,(anonymous_9)
FN:37,(anonymous_10)
FN:45,(anonymous_11)
FN:52,(anonymous_12)
FN:53,(anonymous_13)
FN:77,(anonymous_14)
FN:82,(anonymous_15)
FN:108,(anonymous_16)
FN:115,(anonymous_17)
FNF:9
FNH:8
FNDA:6,(anonymous_9)
FNDA:1,(anonymous_10)
FNDA:1,(anonymous_11)
FNDA:5,(anonymous_12)
FNDA:5,(anonymous_13)
FNDA:30,(anonymous_14)
FNDA:1,(anonymous_15)
FNDA:0,(anonymous_16)
FNDA:1,(anonymous_17)
DA:1,2
DA:2,2
DA:3,2
DA:4,2
DA:17,2
DA:25,2
DA:33,6
DA:34,6
DA:36,6
DA:38,1
DA:39,1
DA:41,1
DA:42,0
DA:45,1
DA:46,1
DA:52,6
DA:53,5
DA:54,5
DA:55,1
DA:60,6
DA:78,30
DA:82,1
DA:108,0
DA:115,1
DA:125,2
LF:25
LH:23
BRDA:41,0,0,0
BRDA:41,0,1,1
BRDA:54,1,0,1
BRDA:54,1,1,4
BRDA:80,2,0,6
BRDA:80,2,1,24
BRDA:106,3,0,6
BRDA:106,3,1,0
BRDA:113,4,0,0
BRDA:113,4,1,6
BRF:10
BRH:7
end_of_record
TN:
SF:src\components\template\TemplatePreview.tsx
FN:12,(anonymous_1)
FN:15,(anonymous_2)
FN:32,(anonymous_3)
FN:41,(anonymous_4)
FN:78,(anonymous_5)
FNF:5
FNH:5
FNDA:4,(anonymous_1)
FNDA:20,(anonymous_2)
FNDA:20,(anonymous_3)
FNDA:4,(anonymous_4)
FNDA:8,(anonymous_5)
DA:1,2
DA:12,2
DA:13,4
DA:15,4
DA:16,20
DA:17,20
DA:18,8
DA:19,8
DA:32,12
DA:33,20
DA:41,2
DA:42,4
DA:79,8
DA:109,2
LF:14
LH:14
BRDA:17,0,0,8
BRDA:17,0,1,12
BRDA:35,1,0,20
BRDA:35,1,1,8
BRDA:66,2,0,4
BRDA:66,2,1,4
BRDA:96,3,0,8
BRDA:96,3,1,8
BRF:8
BRH:8
end_of_record
TN:
SF:src\components\template\TemplatePreviewModal.tsx
FN:13,(anonymous_10)
FN:22,(anonymous_11)
FN:25,(anonymous_12)
FN:28,(anonymous_13)
FN:32,(anonymous_14)
FNF:5
FNH:0
FNDA:0,(anonymous_10)
FNDA:0,(anonymous_11)
FNDA:0,(anonymous_12)
FNDA:0,(anonymous_13)
FNDA:0,(anonymous_14)
DA:1,1
DA:2,1
DA:3,1
DA:13,1
DA:19,0
DA:22,0
DA:23,0
DA:24,0
DA:25,0
DA:26,0
DA:28,0
DA:32,0
DA:33,0
DA:34,0
DA:35,0
DA:39,0
DA:84,1
LF:17
LH:5
BRDA:23,0,0,0
BRDA:23,0,1,0
BRDA:23,1,0,0
BRDA:23,1,1,0
BRDA:33,2,0,0
BRDA:33,2,1,0
BRDA:42,3,0,0
BRDA:42,3,1,0
BRDA:59,4,0,0
BRDA:59,4,1,0
BRDA:59,5,0,0
BRDA:59,5,1,0
BRF:12
BRH:0
end_of_record
TN:
SF:src\components\template\TemplateSelector.tsx
FN:17,(anonymous_10)
FN:32,(anonymous_11)
FN:34,(anonymous_12)
FN:37,(anonymous_13)
FN:42,(anonymous_14)
FN:47,(anonymous_15)
FN:54,(anonymous_16)
FN:61,(anonymous_17)
FN:74,(anonymous_18)
FN:80,(anonymous_19)
FN:89,(anonymous_20)
FN:96,(anonymous_21)
FN:101,(anonymous_22)
FN:168,(anonymous_23)
FN:172,(anonymous_24)
FN:209,(anonymous_25)
FN:216,(anonymous_26)
FNF:17
FNH:5
FNDA:2,(anonymous_10)
FNDA:2,(anonymous_11)
FNDA:0,(anonymous_12)
FNDA:0,(anonymous_13)
FNDA:2,(anonymous_14)
FNDA:0,(anonymous_15)
FNDA:0,(anonymous_16)
FNDA:36,(anonymous_17)
FNDA:0,(anonymous_18)
FNDA:0,(anonymous_19)
FNDA:0,(anonymous_20)
FNDA:0,(anonymous_21)
FNDA:0,(anonymous_22)
FNDA:0,(anonymous_23)
FNDA:0,(anonymous_24)
FNDA:0,(anonymous_25)
FNDA:2,(anonymous_26)
DA:1,1
DA:2,1
DA:3,1
DA:4,1
DA:5,1
DA:6,1
DA:7,1
DA:8,1
DA:9,1
DA:17,1
DA:21,2
DA:22,2
DA:23,2
DA:25,2
DA:26,2
DA:27,2
DA:28,2
DA:29,2
DA:32,2
DA:33,2
DA:34,0
DA:35,0
DA:37,0
DA:42,2
DA:43,2
DA:46,2
DA:47,0
DA:51,2
DA:52,0
DA:53,0
DA:55,0
DA:61,2
DA:62,36
DA:63,16
DA:65,20
DA:66,20
DA:68,0
DA:71,2
DA:74,2
DA:75,0
DA:76,0
DA:79,2
DA:81,0
DA:87,0
DA:89,0
DA:90,0
DA:96,2
DA:98,0
DA:101,2
DA:102,0
DA:105,2
DA:107,0
DA:169,0
DA:172,0
DA:209,0
DA:216,1
DA:217,2
DA:224,1
LF:58
LH:38
BRDA:33,0,0,0
BRDA:33,0,1,2
BRDA:46,1,0,0
BRDA:46,1,1,2
BRDA:51,2,0,0
BRDA:51,2,1,2
BRDA:55,3,0,0
BRDA:55,3,1,0
BRDA:62,4,0,16
BRDA:62,4,1,20
BRDA:63,5,0,6
BRDA:63,5,1,10
BRDA:65,6,0,20
BRDA:65,6,1,0
BRDA:105,7,0,2
BRDA:105,7,1,0
BRDA:166,8,0,0
BRDA:166,8,1,0
BRF:18
BRH:9
end_of_record
TN:
SF:src\components\template\VariableEditor.tsx
FN:18,(anonymous_9)
FN:19,(anonymous_10)
FN:24,(anonymous_11)
FN:34,(anonymous_12)
FN:45,(anonymous_13)
FN:46,(anonymous_14)
FN:55,(anonymous_15)
FN:73,(anonymous_16)
FN:75,(anonymous_17)
FN:86,(anonymous_18)
FN:96,(anonymous_19)
FNF:11
FNH:11
FNDA:2,(anonymous_9)
FNDA:3,(anonymous_10)
FNDA:6,(anonymous_11)
FNDA:1,(anonymous_12)
FNDA:1,(anonymous_13)
FNDA:1,(anonymous_14)
FNDA:24,(anonymous_15)
FNDA:1,(anonymous_16)
FNDA:1,(anonymous_17)
FNDA:12,(anonymous_18)
FNDA:24,(anonymous_19)
DA:1,1
DA:2,1
DA:18,1
DA:19,2
DA:20,3
DA:24,1
DA:31,6
DA:33,6
DA:35,1
DA:37,1
DA:38,0
DA:44,6
DA:46,1
DA:48,1
DA:49,1
DA:55,6
DA:56,24
DA:57,24
DA:58,24
DA:60,24
DA:74,1
DA:75,1
DA:81,24
DA:82,6
DA:86,12
DA:91,18
DA:94,6
DA:97,24
DA:105,1
LF:29
LH:28
BRDA:20,0,0,3
BRDA:20,0,1,1
BRDA:37,1,0,0
BRDA:37,1,1,1
BRDA:48,2,0,1
BRDA:48,2,1,0
BRDA:48,3,0,1
BRDA:48,3,1,1
BRDA:56,4,0,6
BRDA:56,4,1,18
BRDA:57,5,0,24
BRDA:57,5,1,24
BRDA:57,5,2,18
BRDA:58,6,0,1
BRDA:58,6,1,23
BRDA:64,7,0,24
BRDA:64,7,1,18
BRDA:78,8,0,0
BRDA:78,8,1,24
BRDA:81,9,0,6
BRDA:81,9,1,18
BRDA:81,10,0,24
BRDA:81,10,1,6
BRF:23
BRH:20
end_of_record
TN:
SF:src\constants\routes.ts
FN:5,(anonymous_9)
FN:5,(anonymous_10)
FN:6,(anonymous_11)
FN:6,(anonymous_12)
FN:7,(anonymous_13)
FN:7,(anonymous_14)
FN:8,(anonymous_15)
FN:8,(anonymous_16)
FN:9,(anonymous_17)
FN:9,(anonymous_18)
FNF:10
FNH:0
FNDA:0,(anonymous_9)
FNDA:0,(anonymous_10)
FNDA:0,(anonymous_11)
FNDA:0,(anonymous_12)
FNDA:0,(anonymous_13)
FNDA:0,(anonymous_14)
FNDA:0,(anonymous_15)
FNDA:0,(anonymous_16)
FNDA:0,(anonymous_17)
FNDA:0,(anonymous_18)
DA:1,0
DA:5,0
DA:6,0
DA:7,0
DA:8,0
DA:9,0
DA:20,0
DA:49,0
DA:58,0
LF:9
LH:0
BRF:0
BRH:0
end_of_record
TN:
SF:src\data\policies.ts
FNF:0
FNH:0
DA:5,0
DA:7,0
DA:9,0
LF:3
LH:0
BRF:0
BRH:0
end_of_record
TN:
SF:src\data\templates.ts
FNF:0
FNH:0
DA:5,1
DA:7,1
DA:9,1
LF:3
LH:3
BRF:0
BRH:0
end_of_record
TN:
SF:src\hooks\useFavorites.ts
FN:16,(anonymous_0)
FN:25,(anonymous_1)
FN:29,(anonymous_2)
FN:33,(anonymous_3)
FN:38,(anonymous_4)
FN:39,(anonymous_5)
FN:40,(anonymous_6)
FN:46,(anonymous_7)
FN:47,(anonymous_8)
FN:47,(anonymous_9)
FN:52,(anonymous_10)
FN:53,(anonymous_11)
FN:54,(anonymous_12)
FN:56,(anonymous_13)
FN:66,(anonymous_14)
FN:66,(anonymous_15)
FN:72,(anonymous_16)
FN:72,(anonymous_17)
FN:77,(anonymous_18)
FNF:19
FNH:19
FNDA:9,(anonymous_0)
FNDA:19,(anonymous_1)
FNDA:19,(anonymous_2)
FNDA:19,(anonymous_3)
FNDA:10,(anonymous_4)
FNDA:10,(anonymous_5)
FNDA:5,(anonymous_6)
FNDA:1,(anonymous_7)
FNDA:1,(anonymous_8)
FNDA:1,(anonymous_9)
FNDA:2,(anonymous_10)
FNDA:2,(anonymous_11)
FNDA:1,(anonymous_12)
FNDA:1,(anonymous_13)
FNDA:5,(anonymous_14)
FNDA:3,(anonymous_15)
FNDA:2,(anonymous_16)
FNDA:6,(anonymous_17)
FNDA:1,(anonymous_18)
DA:1,1
DA:14,1
DA:16,1
DA:17,9
DA:18,9
DA:19,9
DA:21,0
DA:25,1
DA:26,19
DA:29,1
DA:30,19
DA:33,19
DA:34,19
DA:38,19
DA:39,10
DA:40,10
DA:41,9
DA:46,19
DA:47,1
DA:51,19
DA:53,2
DA:54,2
DA:55,2
DA:56,1
DA:58,1
DA:65,19
DA:66,5
DA:71,19
DA:72,6
DA:77,19
DA:79,19
DA:91,1
LF:32
LH:31
BRDA:19,0,0,1
BRDA:19,0,1,8
BRDA:40,1,0,1
BRDA:40,1,1,9
BRDA:55,2,0,1
BRDA:55,2,1,1
BRF:6
BRH:6
end_of_record
TN:
SF:src\pages\desktop\CompliancePage.tsx
FN:5,(anonymous_1)
FN:15,(anonymous_2)
FN:39,(anonymous_3)
FNF:3
FNH:1
FNDA:1,(anonymous_1)
FNDA:0,(anonymous_2)
FNDA:0,(anonymous_3)
DA:1,1
DA:2,1
DA:3,1
DA:5,1
DA:6,1
DA:8,1
DA:15,0
DA:39,0
DA:50,1
LF:9
LH:7
BRF:0
BRH:0
end_of_record
TN:
SF:src\pages\desktop\HomePage.tsx
FN:17,(anonymous_10)
FN:91,(anonymous_11)
FN:126,(anonymous_12)
FN:137,(anonymous_13)
FN:143,(anonymous_14)
FN:177,(anonymous_15)
FN:194,(anonymous_16)
FNF:7
FNH:2
FNDA:2,(anonymous_10)
FNDA:0,(anonymous_11)
FNDA:0,(anonymous_12)
FNDA:8,(anonymous_13)
FNDA:0,(anonymous_14)
FNDA:0,(anonymous_15)
FNDA:0,(anonymous_16)
DA:1,1
DA:2,1
DA:3,1
DA:4,1
DA:5,1
DA:6,1
DA:17,1
DA:18,2
DA:19,2
DA:21,2
DA:56,2
DA:91,0
DA:126,0
DA:138,8
DA:139,8
DA:143,0
DA:178,0
DA:179,0
DA:194,0
DA:216,1
LF:20
LH:14
BRF:0
BRH:0
end_of_record
TN:
SF:src\pages\desktop\PolicyLibraryPage.tsx
FN:5,(anonymous_1)
FN:15,(anonymous_2)
FN:39,(anonymous_3)
FNF:3
FNH:1
FNDA:1,(anonymous_1)
FNDA:0,(anonymous_2)
FNDA:0,(anonymous_3)
DA:1,1
DA:2,1
DA:3,1
DA:5,1
DA:6,1
DA:8,1
DA:15,0
DA:39,0
DA:50,1
LF:9
LH:7
BRF:0
BRH:0
end_of_record
TN:
SF:src\pages\desktop\ProductManagerPage.tsx
FN:5,(anonymous_1)
FN:15,(anonymous_2)
FN:39,(anonymous_3)
FNF:3
FNH:1
FNDA:1,(anonymous_1)
FNDA:0,(anonymous_2)
FNDA:0,(anonymous_3)
DA:1,1
DA:2,1
DA:3,1
DA:5,1
DA:6,1
DA:8,1
DA:15,0
DA:39,0
DA:50,1
LF:9
LH:7
BRF:0
BRH:0
end_of_record
TN:
SF:src\pages\desktop\SolutionPage.tsx
FN:5,(anonymous_1)
FN:15,(anonymous_2)
FN:39,(anonymous_3)
FNF:3
FNH:1
FNDA:2,(anonymous_1)
FNDA:0,(anonymous_2)
FNDA:0,(anonymous_3)
DA:1,1
DA:2,1
DA:3,1
DA:5,1
DA:6,2
DA:8,2
DA:15,0
DA:39,0
DA:50,1
LF:9
LH:7
BRF:0
BRH:0
end_of_record
TN:
SF:src\pages\favorites\FavoritesPage.tsx
FN:8,(anonymous_10)
FN:17,(anonymous_11)
FN:60,(anonymous_12)
FN:76,(anonymous_13)
FN:92,(anonymous_14)
FN:108,(anonymous_15)
FN:123,(anonymous_16)
FN:159,(anonymous_17)
FN:162,(anonymous_18)
FNF:9
FNH:0
FNDA:0,(anonymous_10)
FNDA:0,(anonymous_11)
FNDA:0,(anonymous_12)
FNDA:0,(anonymous_13)
FNDA:0,(anonymous_14)
FNDA:0,(anonymous_15)
FNDA:0,(anonymous_16)
FNDA:0,(anonymous_17)
FNDA:0,(anonymous_18)
DA:1,0
DA:2,0
DA:3,0
DA:4,0
DA:5,0
DA:6,0
DA:8,0
DA:9,0
DA:10,0
DA:11,0
DA:14,0
DA:16,0
DA:18,0
DA:19,0
DA:21,0
DA:27,0
DA:60,0
DA:76,0
DA:92,0
DA:109,0
DA:110,0
DA:124,0
DA:159,0
DA:162,0
DA:172,0
LF:25
LH:0
BRDA:14,0,0,0
BRDA:14,0,1,0
BRDA:18,1,0,0
BRDA:18,1,1,0
BRDA:56,2,0,0
BRDA:56,2,1,0
BRDA:66,3,0,0
BRDA:66,3,1,0
BRDA:72,4,0,0
BRDA:72,4,1,0
BRDA:82,5,0,0
BRDA:82,5,1,0
BRDA:88,6,0,0
BRDA:88,6,1,0
BRDA:98,7,0,0
BRDA:98,7,1,0
BRDA:104,8,0,0
BRDA:104,8,1,0
BRDA:109,9,0,0
BRDA:109,9,1,0
BRDA:121,10,0,0
BRDA:121,10,1,0
BRDA:143,11,0,0
BRDA:143,11,1,0
BRDA:145,12,0,0
BRDA:145,12,1,0
BRF:26
BRH:0
end_of_record
TN:
SF:src\pages\policy\PolicyDetailPage.tsx
FN:9,(anonymous_10)
FN:16,(anonymous_11)
FN:25,(anonymous_12)
FN:27,(anonymous_13)
FN:28,(anonymous_14)
FN:37,(anonymous_15)
FN:41,(anonymous_16)
FN:42,(anonymous_17)
FN:55,(anonymous_18)
FN:62,(anonymous_19)
FN:100,(anonymous_20)
FN:114,(anonymous_21)
FNF:12
FNH:0
FNDA:0,(anonymous_10)
FNDA:0,(anonymous_11)
FNDA:0,(anonymous_12)
FNDA:0,(anonymous_13)
FNDA:0,(anonymous_14)
FNDA:0,(anonymous_15)
FNDA:0,(anonymous_16)
FNDA:0,(anonymous_17)
FNDA:0,(anonymous_18)
FNDA:0,(anonymous_19)
FNDA:0,(anonymous_20)
FNDA:0,(anonymous_21)
DA:1,0
DA:2,0
DA:3,0
DA:4,0
DA:5,0
DA:7,0
DA:9,0
DA:10,0
DA:11,0
DA:12,0
DA:13,0
DA:16,0
DA:17,0
DA:18,0
DA:19,0
DA:21,0
DA:25,0
DA:26,0
DA:27,0
DA:28,0
DA:29,0
DA:30,0
DA:35,0
DA:37,0
DA:40,0
DA:42,0
DA:43,0
DA:44,0
DA:45,0
DA:47,0
DA:49,0
DA:53,0
DA:55,0
DA:56,0
DA:62,0
DA:64,0
DA:66,0
DA:69,0
DA:70,0
DA:79,0
DA:80,0
DA:100,0
DA:107,0
DA:114,0
DA:131,0
LF:45
LH:0
BRDA:19,0,0,0
BRDA:19,0,1,0
BRDA:29,1,0,0
BRDA:29,1,1,0
BRDA:44,2,0,0
BRDA:44,2,1,0
BRDA:56,3,0,0
BRDA:56,3,1,0
BRDA:69,4,0,0
BRDA:69,4,1,0
BRDA:79,5,0,0
BRDA:79,5,1,0
BRF:12
BRH:0
end_of_record
TN:
SF:src\pages\policy\PolicyListPage.tsx
FN:12,(anonymous_10)
FN:14,(anonymous_11)
FN:15,(anonymous_12)
FN:16,(anonymous_13)
FN:21,(anonymous_14)
FN:33,(anonymous_15)
FN:45,(anonymous_16)
FN:51,(anonymous_17)
FN:55,(anonymous_18)
FN:60,(anonymous_19)
FN:64,(anonymous_20)
FN:68,(anonymous_21)
FN:72,(anonymous_22)
FN:76,(anonymous_23)
FN:82,(anonymous_24)
FN:96,(anonymous_25)
FN:147,(anonymous_26)
FNF:17
FNH:0
FNDA:0,(anonymous_10)
FNDA:0,(anonymous_11)
FNDA:0,(anonymous_12)
FNDA:0,(anonymous_13)
FNDA:0,(anonymous_14)
FNDA:0,(anonymous_15)
FNDA:0,(anonymous_16)
FNDA:0,(anonymous_17)
FNDA:0,(anonymous_18)
FNDA:0,(anonymous_19)
FNDA:0,(anonymous_20)
FNDA:0,(anonymous_21)
FNDA:0,(anonymous_22)
FNDA:0,(anonymous_23)
FNDA:0,(anonymous_24)
FNDA:0,(anonymous_25)
FNDA:0,(anonymous_26)
DA:1,0
DA:2,0
DA:3,0
DA:4,0
DA:5,0
DA:7,0
DA:8,0
DA:9,0
DA:12,0
DA:13,0
DA:14,0
DA:15,0
DA:16,0
DA:18,0
DA:21,0
DA:22,0
DA:23,0
DA:31,0
DA:33,0
DA:34,0
DA:43,0
DA:45,0
DA:46,0
DA:48,0
DA:49,0
DA:50,0
DA:52,0
DA:55,0
DA:59,0
DA:60,0
DA:63,0
DA:64,0
DA:67,0
DA:68,0
DA:71,0
DA:72,0
DA:76,0
DA:78,0
DA:81,0
DA:83,0
DA:88,0
DA:89,0
DA:97,0
DA:104,0
DA:148,0
DA:189,0
LF:46
LH:0
BRDA:48,0,0,0
BRDA:48,0,1,0
BRDA:52,1,0,0
BRDA:52,1,1,0
BRDA:52,1,2,0
BRDA:52,1,3,0
BRDA:59,2,0,0
BRDA:59,2,1,0
BRDA:63,3,0,0
BRDA:63,3,1,0
BRDA:67,4,0,0
BRDA:67,4,1,0
BRDA:71,5,0,0
BRDA:71,5,1,0
BRDA:88,6,0,0
BRDA:88,6,1,0
BRDA:145,7,0,0
BRDA:145,7,1,0
BRF:18
BRH:0
end_of_record
TN:
SF:src\pages\solution\SolutionEditorPage.tsx
FN:14,(anonymous_9)
FN:16,(anonymous_10)
FN:28,(anonymous_11)
FN:45,(anonymous_12)
FN:55,(anonymous_13)
FN:58,(anonymous_14)
FN:69,(anonymous_15)
FN:77,(anonymous_16)
FN:81,(anonymous_17)
FN:91,(anonymous_18)
FN:92,(anonymous_19)
FN:95,(anonymous_20)
FN:110,(anonymous_21)
FN:126,(anonymous_22)
FN:147,(anonymous_23)
FN:167,(anonymous_24)
FNF:16
FNH:0
FNDA:0,(anonymous_9)
FNDA:0,(anonymous_10)
FNDA:0,(anonymous_11)
FNDA:0,(anonymous_12)
FNDA:0,(anonymous_13)
FNDA:0,(anonymous_14)
FNDA:0,(anonymous_15)
FNDA:0,(anonymous_16)
FNDA:0,(anonymous_17)
FNDA:0,(anonymous_18)
FNDA:0,(anonymous_19)
FNDA:0,(anonymous_20)
FNDA:0,(anonymous_21)
FNDA:0,(anonymous_22)
FNDA:0,(anonymous_23)
FNDA:0,(anonymous_24)
DA:1,0
DA:2,0
DA:3,0
DA:4,0
DA:5,0
DA:12,0
DA:14,0
DA:16,0
DA:17,0
DA:18,0
DA:19,0
DA:20,0
DA:22,0
DA:23,0
DA:24,0
DA:25,0
DA:28,0
DA:29,0
DA:31,0
DA:32,0
DA:34,0
DA:35,0
DA:36,0
DA:37,0
DA:38,0
DA:44,0
DA:45,0
DA:46,0
DA:47,0
DA:50,0
DA:55,0
DA:56,0
DA:58,0
DA:59,0
DA:60,0
DA:61,0
DA:65,0
DA:69,0
DA:70,0
DA:71,0
DA:77,0
DA:78,0
DA:80,0
DA:81,0
DA:82,0
DA:83,0
DA:87,0
DA:88,0
DA:91,0
DA:92,0
DA:95,0
DA:96,0
DA:98,0
DA:99,0
DA:102,0
DA:103,0
DA:107,0
DA:110,0
DA:111,0
DA:113,0
DA:114,0
DA:115,0
DA:116,0
DA:117,0
DA:118,0
DA:119,0
DA:120,0
DA:121,0
DA:122,0
DA:123,0
DA:126,0
DA:127,0
DA:128,0
DA:129,0
DA:130,0
DA:131,0
DA:132,0
DA:136,0
DA:137,0
DA:147,0
DA:155,0
DA:157,0
DA:167,0
DA:276,0
LF:84
LH:0
BRDA:29,0,0,0
BRDA:29,0,1,0
BRDA:34,1,0,0
BRDA:34,1,1,0
BRDA:37,2,0,0
BRDA:37,2,1,0
BRDA:46,3,0,0
BRDA:46,3,1,0
BRDA:56,4,0,0
BRDA:56,4,1,0
BRDA:59,5,0,0
BRDA:59,5,1,0
BRDA:70,6,0,0
BRDA:70,6,1,0
BRDA:78,7,0,0
BRDA:78,7,1,0
BRDA:82,8,0,0
BRDA:82,8,1,0
BRDA:82,9,0,0
BRDA:82,9,1,0
BRDA:96,10,0,0
BRDA:96,10,1,0
BRDA:98,11,0,0
BRDA:98,11,1,0
BRDA:111,12,0,0
BRDA:111,12,1,0
BRDA:111,13,0,0
BRDA:111,13,1,0
BRDA:127,14,0,0
BRDA:127,14,1,0
BRDA:128,15,0,0
BRDA:128,15,1,0
BRDA:136,16,0,0
BRDA:136,16,1,0
BRDA:185,17,0,0
BRDA:185,17,1,0
BRDA:262,18,0,0
BRDA:262,18,1,0
BRF:38
BRH:0
end_of_record
TN:
SF:src\pages\template\TemplateListPage.tsx
FN:11,(anonymous_10)
FN:20,(anonymous_11)
FN:21,(anonymous_12)
FN:25,(anonymous_13)
FN:29,(anonymous_14)
FN:34,(anonymous_15)
FN:41,(anonymous_16)
FN:48,(anonymous_17)
FN:59,(anonymous_18)
FN:65,(anonymous_19)
FN:72,(anonymous_20)
FN:91,(anonymous_21)
FN:142,(anonymous_22)
FN:157,(anonymous_23)
FNF:14
FNH:0
FNDA:0,(anonymous_10)
FNDA:0,(anonymous_11)
FNDA:0,(anonymous_12)
FNDA:0,(anonymous_13)
FNDA:0,(anonymous_14)
FNDA:0,(anonymous_15)
FNDA:0,(anonymous_16)
FNDA:0,(anonymous_17)
FNDA:0,(anonymous_18)
FNDA:0,(anonymous_19)
FNDA:0,(anonymous_20)
FNDA:0,(anonymous_21)
FNDA:0,(anonymous_22)
FNDA:0,(anonymous_23)
DA:1,0
DA:2,0
DA:3,0
DA:4,0
DA:5,0
DA:6,0
DA:7,0
DA:9,0
DA:11,0
DA:12,0
DA:13,0
DA:14,0
DA:15,0
DA:16,0
DA:17,0
DA:20,0
DA:21,0
DA:22,0
DA:23,0
DA:25,0
DA:29,0
DA:30,0
DA:33,0
DA:34,0
DA:38,0
DA:39,0
DA:40,0
DA:42,0
DA:48,0
DA:49,0
DA:50,0
DA:52,0
DA:55,0
DA:58,0
DA:60,0
DA:65,0
DA:67,0
DA:70,0
DA:72,0
DA:73,0
DA:82,0
DA:91,0
DA:143,0
DA:158,0
DA:197,0
LF:45
LH:0
BRDA:33,0,0,0
BRDA:33,0,1,0
BRDA:38,1,0,0
BRDA:38,1,1,0
BRDA:42,2,0,0
BRDA:42,2,1,0
BRDA:49,3,0,0
BRDA:49,3,1,0
BRDA:140,4,0,0
BRDA:140,4,1,0
BRDA:155,5,0,0
BRDA:155,5,1,0
BRF:12
BRH:0
end_of_record
TN:
SF:src\types\policy.types.ts
FN:8,(anonymous_0)
FN:18,(anonymous_1)
FN:28,(anonymous_2)
FNF:3
FNH:3
FNDA:3,(anonymous_0)
FNDA:3,(anonymous_1)
FNDA:3,(anonymous_2)
DA:8,3
DA:10,3
DA:12,3
DA:14,3
DA:18,3
DA:20,3
DA:22,3
DA:24,3
DA:28,3
DA:30,3
DA:32,3
DA:34,3
LF:12
LH:12
BRDA:8,0,0,3
BRDA:8,0,1,3
BRDA:18,1,0,3
BRDA:18,1,1,3
BRDA:28,2,0,3
BRDA:28,2,1,3
BRF:6
BRH:6
end_of_record
TN:
SF:src\types\template.types.ts
FN:7,(anonymous_0)
FNF:1
FNH:1
FNDA:5,(anonymous_0)
DA:7,5
DA:9,5
DA:11,5
DA:13,5
DA:15,5
LF:5
LH:5
BRDA:7,0,0,5
BRDA:7,0,1,5
BRF:2
BRH:2
end_of_record
TN:
SF:src\utils\wechatDetector.ts
FN:10,isWechatBrowser
FN:19,getWechatVersion
FN:29,handleWechatCompatibility
FN:58,ensureViewportMeta
FN:70,(anonymous_4)
FN:82,getWechatOS
FN:101,isWechatVersionAtLeast
FNF:7
FNH:7
FNDA:6,isWechatBrowser
FNDA:8,getWechatVersion
FNDA:2,handleWechatCompatibility
FNDA:1,ensureViewportMeta
FNDA:2,(anonymous_4)
FNDA:3,getWechatOS
FNDA:4,isWechatVersionAtLeast
DA:10,1
DA:11,6
DA:12,6
DA:19,1
DA:20,8
DA:21,8
DA:22,8
DA:29,1
DA:30,2
DA:31,1
DA:32,1
DA:35,1
DA:36,1
DA:39,1
DA:46,1
DA:49,1
DA:51,1
DA:59,1
DA:61,1
DA:62,1
DA:63,1
DA:64,1
DA:67,1
DA:68,1
DA:70,1
DA:71,2
DA:72,2
DA:73,2
DA:82,1
DA:83,3
DA:85,3
DA:86,1
DA:89,2
DA:90,1
DA:93,1
DA:101,1
DA:102,4
DA:104,4
DA:105,1
DA:108,3
DA:109,3
DA:111,3
DA:112,5
DA:113,5
DA:115,5
DA:116,4
DA:119,1
LF:47
LH:47
BRDA:22,0,0,6
BRDA:22,0,1,2
BRDA:30,1,0,1
BRDA:30,1,1,1
BRDA:61,2,0,1
BRDA:61,2,1,0
BRDA:67,3,0,1
BRDA:67,3,1,1
BRDA:71,4,0,2
BRDA:71,4,1,0
BRDA:72,5,0,0
BRDA:72,5,1,2
BRDA:85,6,0,1
BRDA:85,6,1,2
BRDA:85,7,0,3
BRDA:85,7,1,2
BRDA:85,7,2,2
BRDA:89,8,0,1
BRDA:89,8,1,1
BRDA:104,9,0,1
BRDA:104,9,1,3
BRDA:112,10,0,5
BRDA:112,10,1,2
BRDA:113,11,0,5
BRDA:113,11,1,2
BRDA:115,12,0,1
BRDA:115,12,1,4
BRDA:116,13,0,1
BRDA:116,13,1,3
BRF:29
BRH:26
end_of_record
